#################################################################
#
# IniFile Create by NordaSoft.Common.IO
#
# Author: clt_qd@yahoo.com.cn
#
################################################################

[时间]  11/20/2017 10:53:45 AM
程序启动
[时间]  11/20/2017 10:53:45 AM
开始作遥测信号测试.....
[时间]  11/20/2017 10:53:46 AM
遥测连接并接收信息成功
[时间]  11/20/2017 11:05:46 AM
程序启动
[时间]  11/20/2017 11:05:46 AM
开始作遥测信号测试.....
[时间]  11/20/2017 11:05:47 AM
遥测连接并接收信息成功
[时间]  11/20/2017 11:43:06 AM
程序启动
[时间]  11/20/2017 11:43:06 AM
开始作遥测信号测试.....
[时间]  11/20/2017 11:43:07 AM
遥测连接并接收信息成功
[时间]  11/20/2017 3:08:39 PM
程序启动
[时间]  11/20/2017 3:08:39 PM
开始作遥测信号测试.....
[时间]  11/20/2017 3:08:41 PM
遥测连接并接收信息成功
[时间]  11/20/2017 3:15:22 PM
程序启动
[时间]  11/20/2017 3:15:22 PM
开始作遥测信号测试.....
[时间]  11/20/2017 3:15:23 PM
遥测连接并接收信息成功
[时间]  11/20/2017 3:21:49 PM
程序启动
[时间]  11/20/2017 3:21:50 PM
开始作遥测信号测试.....
[时间]  11/20/2017 3:21:50 PM
程序启动
[时间]  11/20/2017 3:21:50 PM
开始作遥测信号测试.....
[时间]  11/20/2017 3:21:51 PM
遥测连接并接收信息成功
[时间]  11/20/2017 3:21:54 PM
程序异常:System.IO.IOException: 文件“D:\project_source\VLP_FOYOUNG\LocalServer\bin\Debug\20171120.log”正由另一进程使用，因此该进程无法访问此文件。
   在 System.IO.__Error.WinIOError(Int32 errorCode, String maybeFullPath)
   在 System.IO.FileStream.Init(String path, FileMode mode, FileAccess access, Int32 rights, Boolean useRights, FileShare share, Int32 bufferSize, FileOptions options, SECURITY_ATTRIBUTES secAttrs, String msgPath, Boolean bFromProxy, Boolean useLongPath, Boolean checkHost)
   在 System.IO.FileStream..ctor(String path, FileMode mode, FileAccess access, FileShare share, Int32 bufferSize, FileOptions options, String msgPath, Boolean bFromProxy, Boolean useLongPath, Boolean checkHost)
   在 System.IO.StreamWriter.CreateFile(String path, Boolean append, Boolean checkHost)
   在 System.IO.StreamWriter..ctor(String path, Boolean append, Encoding encoding, Int32 bufferSize, Boolean checkHost)
   在 System.IO.StreamWriter..ctor(String path, Boolean append)
   在 System.IO.FileInfo.AppendText()
   在 Nordasoft.Common.IO.FileLog.AddLogInfo(String value, String detailInfo)
   在 LocalServer.Server.preCheck() 位置 D:\project_source\VLP_FOYOUNG\LocalServer\Server.cs:行号 167
   在 LocalServer.Program.Main(String[] args) 位置 D:\project_source\VLP_FOYOUNG\LocalServer\Program.cs:行号 113
[时间]  11/20/2017 6:23:19 PM
程序启动
[时间]  11/20/2017 6:23:19 PM
开始作遥测信号测试.....
[时间]  11/20/2017 6:23:20 PM
遥测连接并接收信息成功
[时间]  11/20/2017 6:31:37 PM
程序启动
[时间]  11/20/2017 6:31:37 PM
开始作遥测信号测试.....
[时间]  11/20/2017 6:31:39 PM
遥测连接并接收信息成功
[时间]  11/20/2017 6:31:52 PM
接收到 32 字节本地遥控信号 
[时间]  11/20/2017 6:31:52 PM
37 字节遥控信号已发送服务器 
[时间]  11/20/2017 6:31:53 PM
接收到 32 字节本地遥控信号 
[时间]  11/20/2017 6:31:53 PM
37 字节遥控信号已发送服务器 
[时间]  11/20/2017 6:31:54 PM
接收到 32 字节本地遥控信号 
[时间]  11/20/2017 6:31:54 PM
37 字节遥控信号已发送服务器 
[时间]  11/20/2017 6:31:55 PM
接收到 32 字节本地遥控信号 
[时间]  11/20/2017 6:31:55 PM
37 字节遥控信号已发送服务器 
[时间]  11/20/2017 6:31:56 PM
接收到 32 字节本地遥控信号 
[时间]  11/20/2017 6:31:56 PM
37 字节遥控信号已发送服务器 
[时间]  11/20/2017 6:31:57 PM
接收到 32 字节本地遥控信号 
[时间]  11/20/2017 6:31:57 PM
37 字节遥控信号已发送服务器 
[时间]  11/20/2017 6:31:58 PM
接收到 32 字节本地遥控信号 
[时间]  11/20/2017 6:31:58 PM
37 字节遥控信号已发送服务器 
[时间]  11/20/2017 6:31:59 PM
接收到 32 字节本地遥控信号 
[时间]  11/20/2017 6:31:59 PM
37 字节遥控信号已发送服务器 
[时间]  11/20/2017 6:32:00 PM
接收到 32 字节本地遥控信号 
[时间]  11/20/2017 6:32:00 PM
37 字节遥控信号已发送服务器 
[时间]  11/20/2017 6:32:01 PM
接收到 32 字节本地遥控信号 
[时间]  11/20/2017 6:32:01 PM
37 字节遥控信号已发送服务器 
[时间]  11/20/2017 6:32:02 PM
接收到 32 字节本地遥控信号 
[时间]  11/20/2017 6:32:02 PM
37 字节遥控信号已发送服务器 
[时间]  11/20/2017 6:32:03 PM
接收到 32 字节本地遥控信号 
[时间]  11/20/2017 6:32:03 PM
37 字节遥控信号已发送服务器 
[时间]  11/20/2017 6:32:04 PM
接收到 32 字节本地遥控信号 
[时间]  11/20/2017 6:32:04 PM
37 字节遥控信号已发送服务器 
[时间]  11/20/2017 6:32:05 PM
接收到 32 字节本地遥控信号 
[时间]  11/20/2017 6:32:05 PM
37 字节遥控信号已发送服务器 
[时间]  11/20/2017 6:32:06 PM
接收到 32 字节本地遥控信号 
[时间]  11/20/2017 6:32:06 PM
37 字节遥控信号已发送服务器 
[时间]  11/20/2017 6:32:07 PM
接收到 32 字节本地遥控信号 
[时间]  11/20/2017 6:32:07 PM
37 字节遥控信号已发送服务器 
[时间]  11/20/2017 6:32:08 PM
接收到 32 字节本地遥控信号 
[时间]  11/20/2017 6:32:08 PM
37 字节遥控信号已发送服务器 
[时间]  11/20/2017 6:32:09 PM
接收到 32 字节本地遥控信号 
[时间]  11/20/2017 6:32:09 PM
37 字节遥控信号已发送服务器 
[时间]  11/20/2017 6:32:10 PM
接收到 32 字节本地遥控信号 
[时间]  11/20/2017 6:32:10 PM
37 字节遥控信号已发送服务器 
[时间]  11/20/2017 6:32:11 PM
接收到 32 字节本地遥控信号 
[时间]  11/20/2017 6:32:11 PM
37 字节遥控信号已发送服务器 
[时间]  11/20/2017 6:32:12 PM
接收到 32 字节本地遥控信号 
[时间]  11/20/2017 6:32:12 PM
37 字节遥控信号已发送服务器 
[时间]  11/20/2017 6:32:13 PM
接收到 32 字节本地遥控信号 
[时间]  11/20/2017 6:32:13 PM
37 字节遥控信号已发送服务器 
[时间]  11/20/2017 6:32:14 PM
接收到 32 字节本地遥控信号 
[时间]  11/20/2017 6:32:14 PM
37 字节遥控信号已发送服务器 
[时间]  11/20/2017 6:32:15 PM
接收到 32 字节本地遥控信号 
[时间]  11/20/2017 6:32:15 PM
37 字节遥控信号已发送服务器 
[时间]  11/20/2017 6:32:16 PM
接收到 32 字节本地遥控信号 
[时间]  11/20/2017 6:32:16 PM
37 字节遥控信号已发送服务器 
[时间]  11/20/2017 6:32:17 PM
接收到 32 字节本地遥控信号 
[时间]  11/20/2017 6:38:29 PM
程序启动
[时间]  11/20/2017 6:38:29 PM
开始作遥测信号测试.....
[时间]  11/20/2017 6:38:29 PM
程序异常:System.Net.Sockets.SocketException (0x80004005): 不知道这样的主机。
   在 System.Net.Dns.GetAddrInfo(String name)
   在 System.Net.Dns.InternalGetHostByName(String hostName, Boolean includeIPv6)
   在 System.Net.Dns.GetHostAddresses(String hostNameOrAddress)
   在 System.Net.Sockets.Socket.Connect(String host, Int32 port)
   在 System.Net.Sockets.Socket.Connect(EndPoint remoteEP)
   在 LocalServer.Server.preCheck() 位置 D:\project_source\VLP_FOYOUNG\LocalServer\Server.cs:行号 168
   在 LocalServer.Program.Main(String[] args) 位置 D:\project_source\VLP_FOYOUNG\LocalServer\Program.cs:行号 113
[时间]  11/20/2017 6:39:37 PM
程序启动
[时间]  11/20/2017 6:39:37 PM
开始作遥测信号测试.....
[时间]  11/20/2017 6:39:39 PM
遥测连接并接收信息成功
[时间]  11/20/2017 6:39:49 PM
接收到 32 字节本地遥控信号 
[时间]  11/20/2017 6:39:49 PM
37 字节遥控信号已发送服务器 
[时间]  11/20/2017 6:39:50 PM
接收到 32 字节本地遥控信号 
[时间]  11/20/2017 6:39:50 PM
37 字节遥控信号已发送服务器 
[时间]  11/20/2017 6:39:51 PM
接收到 32 字节本地遥控信号 
[时间]  11/20/2017 6:39:51 PM
37 字节遥控信号已发送服务器 
[时间]  11/20/2017 6:39:52 PM
接收到 32 字节本地遥控信号 
[时间]  11/20/2017 6:39:52 PM
37 字节遥控信号已发送服务器 
[时间]  11/20/2017 6:39:53 PM
接收到 32 字节本地遥控信号 
[时间]  11/20/2017 6:39:53 PM
37 字节遥控信号已发送服务器 
[时间]  11/20/2017 6:39:54 PM
接收到 32 字节本地遥控信号 
[时间]  11/20/2017 6:39:54 PM
37 字节遥控信号已发送服务器 
[时间]  11/20/2017 6:39:55 PM
接收到 32 字节本地遥控信号 
[时间]  11/20/2017 6:39:55 PM
37 字节遥控信号已发送服务器 
[时间]  11/20/2017 6:39:56 PM
接收到 32 字节本地遥控信号 
[时间]  11/20/2017 6:39:56 PM
37 字节遥控信号已发送服务器 
[时间]  11/20/2017 6:39:57 PM
接收到 32 字节本地遥控信号 
[时间]  11/20/2017 6:39:57 PM
37 字节遥控信号已发送服务器 
[时间]  11/20/2017 6:39:58 PM
接收到 32 字节本地遥控信号 
[时间]  11/20/2017 6:39:58 PM
37 字节遥控信号已发送服务器 
[时间]  11/20/2017 6:39:59 PM
接收到 32 字节本地遥控信号 
[时间]  11/20/2017 6:39:59 PM
37 字节遥控信号已发送服务器 
[时间]  11/20/2017 6:40:00 PM
接收到 32 字节本地遥控信号 
[时间]  11/20/2017 6:40:00 PM
37 字节遥控信号已发送服务器 
[时间]  11/20/2017 6:40:01 PM
接收到 32 字节本地遥控信号 
[时间]  11/20/2017 6:40:01 PM
37 字节遥控信号已发送服务器 
[时间]  11/20/2017 6:40:02 PM
接收到 32 字节本地遥控信号 
[时间]  11/20/2017 6:40:02 PM
37 字节遥控信号已发送服务器 
[时间]  11/20/2017 6:40:03 PM
接收到 32 字节本地遥控信号 
[时间]  11/20/2017 6:40:03 PM
37 字节遥控信号已发送服务器 
[时间]  11/20/2017 6:40:04 PM
接收到 32 字节本地遥控信号 
[时间]  11/20/2017 6:40:04 PM
37 字节遥控信号已发送服务器 
[时间]  11/20/2017 6:40:05 PM
接收到 32 字节本地遥控信号 
[时间]  11/20/2017 6:40:05 PM
37 字节遥控信号已发送服务器 
[时间]  11/20/2017 6:40:06 PM
接收到 32 字节本地遥控信号 
[时间]  11/20/2017 6:40:06 PM
37 字节遥控信号已发送服务器 
[时间]  11/20/2017 6:40:07 PM
接收到 32 字节本地遥控信号 
[时间]  11/20/2017 6:40:07 PM
37 字节遥控信号已发送服务器 
[时间]  11/20/2017 6:40:08 PM
接收到 32 字节本地遥控信号 
[时间]  11/20/2017 6:40:08 PM
37 字节遥控信号已发送服务器 
[时间]  11/20/2017 6:40:09 PM
接收到 32 字节本地遥控信号 
[时间]  11/20/2017 6:40:09 PM
37 字节遥控信号已发送服务器 
[时间]  11/20/2017 6:40:10 PM
接收到 32 字节本地遥控信号 
[时间]  11/20/2017 6:40:10 PM
37 字节遥控信号已发送服务器 
[时间]  11/20/2017 6:40:11 PM
接收到 32 字节本地遥控信号 
[时间]  11/20/2017 6:40:11 PM
37 字节遥控信号已发送服务器 
[时间]  11/20/2017 6:40:12 PM
接收到 32 字节本地遥控信号 
[时间]  11/20/2017 6:40:12 PM
37 字节遥控信号已发送服务器 
[时间]  11/20/2017 6:40:13 PM
接收到 32 字节本地遥控信号 
[时间]  11/20/2017 6:40:13 PM
37 字节遥控信号已发送服务器 
[时间]  11/20/2017 6:40:14 PM
接收到 32 字节本地遥控信号 
[时间]  11/20/2017 6:40:14 PM
37 字节遥控信号已发送服务器 
[时间]  11/20/2017 6:40:15 PM
接收到 32 字节本地遥控信号 
[时间]  11/20/2017 6:40:15 PM
37 字节遥控信号已发送服务器 
[时间]  11/20/2017 6:40:16 PM
接收到 32 字节本地遥控信号 
[时间]  11/20/2017 6:40:16 PM
37 字节遥控信号已发送服务器 
[时间]  11/20/2017 6:40:17 PM
接收到 32 字节本地遥控信号 
[时间]  11/20/2017 6:40:17 PM
37 字节遥控信号已发送服务器 
[时间]  11/20/2017 6:40:18 PM
接收到 32 字节本地遥控信号 
[时间]  11/20/2017 6:40:18 PM
37 字节遥控信号已发送服务器 
[时间]  11/20/2017 6:40:19 PM
接收到 32 字节本地遥控信号 
[时间]  11/20/2017 6:40:19 PM
37 字节遥控信号已发送服务器 
[时间]  11/20/2017 6:40:20 PM
接收到 32 字节本地遥控信号 
[时间]  11/20/2017 6:40:21 PM
接收到 32 字节本地遥控信号 
[时间]  11/20/2017 6:40:22 PM
接收到 32 字节本地遥控信号 
[时间]  11/20/2017 6:40:23 PM
接收到 32 字节本地遥控信号 
[时间]  11/20/2017 6:40:24 PM
接收到 32 字节本地遥控信号 
[时间]  11/20/2017 6:40:25 PM
接收到 32 字节本地遥控信号 
[时间]  11/20/2017 6:40:26 PM
接收到 32 字节本地遥控信号 
[时间]  11/20/2017 6:40:27 PM
接收到 32 字节本地遥控信号 
[时间]  11/20/2017 6:40:28 PM
接收到 32 字节本地遥控信号 
[时间]  11/20/2017 6:40:29 PM
接收到 32 字节本地遥控信号 
[时间]  11/20/2017 6:40:30 PM
接收到 32 字节本地遥控信号 
[时间]  11/20/2017 6:40:31 PM
接收到 32 字节本地遥控信号 
[时间]  11/20/2017 6:40:32 PM
接收到 32 字节本地遥控信号 
[时间]  11/20/2017 6:40:33 PM
接收到 32 字节本地遥控信号 
[时间]  11/20/2017 6:40:34 PM
接收到 32 字节本地遥控信号 
[时间]  11/20/2017 6:40:35 PM
接收到 32 字节本地遥控信号 
[时间]  11/20/2017 6:40:36 PM
接收到 32 字节本地遥控信号 
[时间]  11/20/2017 6:40:37 PM
接收到 32 字节本地遥控信号 
[时间]  11/20/2017 6:40:38 PM
接收到 32 字节本地遥控信号 
[时间]  11/20/2017 6:40:39 PM
接收到 32 字节本地遥控信号 
[时间]  11/20/2017 6:40:40 PM
接收到 32 字节本地遥控信号 
[时间]  11/20/2017 6:40:41 PM
接收到 32 字节本地遥控信号 
[时间]  11/20/2017 6:40:42 PM
接收到 32 字节本地遥控信号 
[时间]  11/20/2017 6:40:43 PM
接收到 32 字节本地遥控信号 
[时间]  11/20/2017 6:40:44 PM
接收到 32 字节本地遥控信号 
[时间]  11/20/2017 6:40:45 PM
接收到 32 字节本地遥控信号 
[时间]  11/20/2017 6:40:46 PM
接收到 32 字节本地遥控信号 
[时间]  11/20/2017 6:40:47 PM
接收到 32 字节本地遥控信号 
[时间]  11/20/2017 6:40:48 PM
接收到 32 字节本地遥控信号 
[时间]  11/20/2017 6:40:49 PM
接收到 32 字节本地遥控信号 
[时间]  11/20/2017 6:40:50 PM
接收到 32 字节本地遥控信号 
[时间]  11/20/2017 6:40:51 PM
接收到 32 字节本地遥控信号 
[时间]  11/20/2017 6:40:52 PM
接收到 32 字节本地遥控信号 
[时间]  11/20/2017 6:40:53 PM
接收到 32 字节本地遥控信号 
[时间]  11/20/2017 6:40:54 PM
接收到 32 字节本地遥控信号 
[时间]  11/20/2017 6:40:55 PM
接收到 32 字节本地遥控信号 
[时间]  11/20/2017 6:40:56 PM
接收到 32 字节本地遥控信号 
[时间]  11/20/2017 6:40:57 PM
接收到 32 字节本地遥控信号 
[时间]  11/20/2017 6:40:58 PM
接收到 32 字节本地遥控信号 
[时间]  11/20/2017 6:40:59 PM
接收到 32 字节本地遥控信号 
[时间]  11/20/2017 6:41:00 PM
接收到 32 字节本地遥控信号 
[时间]  11/20/2017 6:41:01 PM
接收到 32 字节本地遥控信号 
[时间]  11/20/2017 6:41:03 PM
接收到 32 字节本地遥控信号 
[时间]  11/20/2017 6:41:04 PM
接收到 32 字节本地遥控信号 
[时间]  11/20/2017 6:41:05 PM
接收到 32 字节本地遥控信号 
[时间]  11/20/2017 6:41:06 PM
接收到 32 字节本地遥控信号 
[时间]  11/20/2017 6:41:07 PM
接收到 32 字节本地遥控信号 
[时间]  11/20/2017 6:41:08 PM
接收到 32 字节本地遥控信号 
[时间]  11/20/2017 6:41:09 PM
接收到 32 字节本地遥控信号 
[时间]  11/20/2017 6:41:10 PM
接收到 32 字节本地遥控信号 
[时间]  11/20/2017 6:41:11 PM
接收到 32 字节本地遥控信号 
[时间]  11/20/2017 6:41:12 PM
接收到 32 字节本地遥控信号 
[时间]  11/20/2017 6:41:13 PM
接收到 32 字节本地遥控信号 
[时间]  11/20/2017 6:41:14 PM
接收到 32 字节本地遥控信号 
[时间]  11/20/2017 6:41:20 PM
接收到 32 字节本地遥控信号 
[时间]  11/20/2017 6:41:50 PM
程序启动
[时间]  11/20/2017 6:41:50 PM
开始作遥测信号测试.....
[时间]  11/20/2017 6:41:50 PM
程序异常:System.Net.Sockets.SocketException (0x80004005): 不知道这样的主机。
   在 System.Net.Dns.GetAddrInfo(String name)
   在 System.Net.Dns.InternalGetHostByName(String hostName, Boolean includeIPv6)
   在 System.Net.Dns.GetHostAddresses(String hostNameOrAddress)
   在 System.Net.Sockets.Socket.Connect(String host, Int32 port)
   在 System.Net.Sockets.Socket.Connect(EndPoint remoteEP)
   在 LocalServer.Server.preCheck() 位置 D:\project_source\VLP_FOYOUNG\LocalServer\Server.cs:行号 165
   在 LocalServer.Program.Main(String[] args) 位置 D:\project_source\VLP_FOYOUNG\LocalServer\Program.cs:行号 113
[时间]  11/20/2017 6:42:11 PM
程序启动
[时间]  11/20/2017 6:42:11 PM
开始作遥测信号测试.....
[时间]  11/20/2017 6:42:13 PM
遥测连接并接收信息成功
[时间]  11/20/2017 6:42:58 PM
接收到 32 字节本地遥控信号 
[时间]  11/20/2017 6:42:59 PM
37 字节遥控信号已发送服务器 
[时间]  11/20/2017 6:42:59 PM
接收到 32 字节本地遥控信号 
[时间]  11/20/2017 6:42:59 PM
37 字节遥控信号已发送服务器 
[时间]  11/20/2017 6:43:00 PM
接收到 32 字节本地遥控信号 
[时间]  11/20/2017 6:43:00 PM
37 字节遥控信号已发送服务器 
[时间]  11/20/2017 6:43:01 PM
接收到 32 字节本地遥控信号 
[时间]  11/20/2017 6:43:01 PM
37 字节遥控信号已发送服务器 
[时间]  11/20/2017 6:43:02 PM
接收到 32 字节本地遥控信号 
[时间]  11/20/2017 6:43:02 PM
37 字节遥控信号已发送服务器 
[时间]  11/20/2017 6:43:03 PM
接收到 32 字节本地遥控信号 
[时间]  11/20/2017 6:43:03 PM
37 字节遥控信号已发送服务器 
[时间]  11/20/2017 6:43:04 PM
接收到 32 字节本地遥控信号 
[时间]  11/20/2017 6:43:04 PM
37 字节遥控信号已发送服务器 
[时间]  11/20/2017 6:43:05 PM
接收到 32 字节本地遥控信号 
[时间]  11/20/2017 6:43:05 PM
37 字节遥控信号已发送服务器 
[时间]  11/20/2017 6:43:06 PM
接收到 32 字节本地遥控信号 
[时间]  11/20/2017 6:43:06 PM
37 字节遥控信号已发送服务器 
[时间]  11/20/2017 6:43:07 PM
接收到 32 字节本地遥控信号 
[时间]  11/20/2017 6:43:07 PM
37 字节遥控信号已发送服务器 
[时间]  11/20/2017 6:43:08 PM
接收到 32 字节本地遥控信号 
[时间]  11/20/2017 6:43:09 PM
37 字节遥控信号已发送服务器 
[时间]  11/20/2017 6:43:10 PM
接收到 32 字节本地遥控信号 
[时间]  11/20/2017 6:43:10 PM
37 字节遥控信号已发送服务器 
[时间]  11/20/2017 6:43:11 PM
接收到 32 字节本地遥控信号 
[时间]  11/20/2017 6:43:11 PM
37 字节遥控信号已发送服务器 
[时间]  11/20/2017 6:43:12 PM
接收到 32 字节本地遥控信号 
[时间]  11/20/2017 6:43:12 PM
37 字节遥控信号已发送服务器 
[时间]  11/20/2017 6:43:13 PM
接收到 32 字节本地遥控信号 
[时间]  11/20/2017 6:43:13 PM
37 字节遥控信号已发送服务器 
[时间]  11/20/2017 6:43:14 PM
接收到 32 字节本地遥控信号 
[时间]  11/20/2017 6:43:14 PM
37 字节遥控信号已发送服务器 
[时间]  11/20/2017 6:43:15 PM
接收到 32 字节本地遥控信号 
[时间]  11/20/2017 6:43:15 PM
37 字节遥控信号已发送服务器 
[时间]  11/20/2017 6:43:16 PM
接收到 32 字节本地遥控信号 
[时间]  11/20/2017 6:43:16 PM
37 字节遥控信号已发送服务器 
[时间]  11/20/2017 6:43:17 PM
接收到 32 字节本地遥控信号 
[时间]  11/20/2017 6:43:17 PM
37 字节遥控信号已发送服务器 
[时间]  11/20/2017 6:43:18 PM
接收到 32 字节本地遥控信号 
[时间]  11/20/2017 6:43:18 PM
37 字节遥控信号已发送服务器 
[时间]  11/20/2017 6:43:19 PM
接收到 32 字节本地遥控信号 
[时间]  11/20/2017 6:43:19 PM
37 字节遥控信号已发送服务器 
[时间]  11/20/2017 6:43:20 PM
接收到 32 字节本地遥控信号 
[时间]  11/20/2017 6:43:20 PM
37 字节遥控信号已发送服务器 
[时间]  11/20/2017 6:43:21 PM
接收到 32 字节本地遥控信号 
[时间]  11/20/2017 6:43:21 PM
37 字节遥控信号已发送服务器 
[时间]  11/20/2017 6:43:22 PM
接收到 32 字节本地遥控信号 
[时间]  11/20/2017 6:43:22 PM
37 字节遥控信号已发送服务器 
[时间]  11/20/2017 6:43:23 PM
接收到 32 字节本地遥控信号 
[时间]  11/20/2017 6:43:23 PM
37 字节遥控信号已发送服务器 
[时间]  11/20/2017 6:43:24 PM
接收到 32 字节本地遥控信号 
[时间]  11/20/2017 6:43:24 PM
37 字节遥控信号已发送服务器 
[时间]  11/20/2017 6:43:25 PM
接收到 32 字节本地遥控信号 
[时间]  11/20/2017 6:43:25 PM
37 字节遥控信号已发送服务器 
[时间]  11/20/2017 6:43:26 PM
接收到 32 字节本地遥控信号 
[时间]  11/20/2017 6:43:26 PM
37 字节遥控信号已发送服务器 
[时间]  11/20/2017 6:43:27 PM
接收到 32 字节本地遥控信号 
[时间]  11/20/2017 6:43:27 PM
37 字节遥控信号已发送服务器 
[时间]  11/20/2017 6:43:28 PM
接收到 32 字节本地遥控信号 
[时间]  11/20/2017 6:43:28 PM
37 字节遥控信号已发送服务器 
[时间]  11/20/2017 6:43:29 PM
接收到 32 字节本地遥控信号 
[时间]  11/20/2017 6:43:29 PM
37 字节遥控信号已发送服务器 
[时间]  11/20/2017 6:43:30 PM
接收到 32 字节本地遥控信号 
[时间]  11/20/2017 6:43:30 PM
37 字节遥控信号已发送服务器 
[时间]  11/20/2017 6:43:31 PM
接收到 32 字节本地遥控信号 
[时间]  11/20/2017 6:43:31 PM
37 字节遥控信号已发送服务器 
[时间]  11/20/2017 6:43:32 PM
接收到 32 字节本地遥控信号 
[时间]  11/20/2017 6:43:32 PM
37 字节遥控信号已发送服务器 
[时间]  11/20/2017 6:43:33 PM
接收到 32 字节本地遥控信号 
[时间]  11/20/2017 6:43:33 PM
37 字节遥控信号已发送服务器 
[时间]  11/20/2017 6:43:34 PM
接收到 32 字节本地遥控信号 
[时间]  11/20/2017 6:43:34 PM
37 字节遥控信号已发送服务器 
[时间]  11/20/2017 6:43:35 PM
接收到 32 字节本地遥控信号 
[时间]  11/20/2017 6:43:35 PM
37 字节遥控信号已发送服务器 
[时间]  11/20/2017 6:43:36 PM
接收到 32 字节本地遥控信号 
[时间]  11/20/2017 6:43:36 PM
37 字节遥控信号已发送服务器 
[时间]  11/20/2017 6:43:37 PM
接收到 32 字节本地遥控信号 
[时间]  11/20/2017 6:43:37 PM
37 字节遥控信号已发送服务器 
[时间]  11/20/2017 6:43:38 PM
接收到 32 字节本地遥控信号 
[时间]  11/20/2017 6:43:38 PM
37 字节遥控信号已发送服务器 
[时间]  11/20/2017 6:43:39 PM
接收到 32 字节本地遥控信号 
[时间]  11/20/2017 6:43:39 PM
37 字节遥控信号已发送服务器 
[时间]  11/20/2017 6:43:40 PM
接收到 32 字节本地遥控信号 
[时间]  11/20/2017 6:43:40 PM
37 字节遥控信号已发送服务器 
[时间]  11/20/2017 6:43:41 PM
接收到 32 字节本地遥控信号 
[时间]  11/20/2017 6:43:41 PM
37 字节遥控信号已发送服务器 
[时间]  11/20/2017 6:43:42 PM
接收到 32 字节本地遥控信号 
[时间]  11/20/2017 6:43:42 PM
37 字节遥控信号已发送服务器 
[时间]  11/20/2017 6:43:43 PM
接收到 32 字节本地遥控信号 
[时间]  11/20/2017 6:43:43 PM
37 字节遥控信号已发送服务器 
[时间]  11/20/2017 6:43:44 PM
接收到 32 字节本地遥控信号 
[时间]  11/20/2017 6:43:44 PM
37 字节遥控信号已发送服务器 
[时间]  11/20/2017 6:43:45 PM
接收到 32 字节本地遥控信号 
[时间]  11/20/2017 6:43:45 PM
37 字节遥控信号已发送服务器 
[时间]  11/20/2017 6:43:46 PM
接收到 32 字节本地遥控信号 
[时间]  11/20/2017 6:43:46 PM
37 字节遥控信号已发送服务器 
[时间]  11/20/2017 6:43:47 PM
接收到 32 字节本地遥控信号 
[时间]  11/20/2017 6:43:47 PM
37 字节遥控信号已发送服务器 
[时间]  11/20/2017 6:43:48 PM
接收到 32 字节本地遥控信号 
[时间]  11/20/2017 6:43:48 PM
37 字节遥控信号已发送服务器 
[时间]  11/20/2017 6:43:49 PM
接收到 32 字节本地遥控信号 
[时间]  11/20/2017 6:43:49 PM
37 字节遥控信号已发送服务器 
[时间]  11/20/2017 6:43:50 PM
接收到 32 字节本地遥控信号 
[时间]  11/20/2017 6:43:50 PM
37 字节遥控信号已发送服务器 
[时间]  11/20/2017 6:43:51 PM
接收到 32 字节本地遥控信号 
[时间]  11/20/2017 6:43:51 PM
37 字节遥控信号已发送服务器 
[时间]  11/20/2017 6:43:52 PM
接收到 32 字节本地遥控信号 
[时间]  11/20/2017 6:43:52 PM
37 字节遥控信号已发送服务器 
[时间]  11/20/2017 6:43:53 PM
接收到 32 字节本地遥控信号 
[时间]  11/20/2017 6:43:53 PM
37 字节遥控信号已发送服务器 
[时间]  11/20/2017 6:43:54 PM
接收到 32 字节本地遥控信号 
[时间]  11/20/2017 6:43:54 PM
37 字节遥控信号已发送服务器 
[时间]  11/20/2017 6:43:55 PM
接收到 32 字节本地遥控信号 
[时间]  11/20/2017 6:44:21 PM
接收到 32 字节本地遥控信号 
[时间]  11/20/2017 6:44:21 PM
37 字节遥控信号已发送服务器 
[时间]  11/20/2017 6:44:22 PM
接收到 32 字节本地遥控信号 
[时间]  11/20/2017 6:44:22 PM
37 字节遥控信号已发送服务器 
[时间]  11/20/2017 6:44:23 PM
接收到 32 字节本地遥控信号 
[时间]  11/20/2017 6:44:23 PM
37 字节遥控信号已发送服务器 
[时间]  11/20/2017 6:44:24 PM
接收到 32 字节本地遥控信号 
[时间]  11/20/2017 6:44:24 PM
37 字节遥控信号已发送服务器 
[时间]  11/20/2017 6:44:25 PM
接收到 32 字节本地遥控信号 
[时间]  11/20/2017 6:44:25 PM
37 字节遥控信号已发送服务器 
[时间]  11/20/2017 6:44:26 PM
接收到 32 字节本地遥控信号 
[时间]  11/20/2017 6:44:26 PM
37 字节遥控信号已发送服务器 
[时间]  11/20/2017 6:44:27 PM
接收到 32 字节本地遥控信号 
[时间]  11/20/2017 6:44:27 PM
37 字节遥控信号已发送服务器 
[时间]  11/20/2017 6:44:28 PM
接收到 32 字节本地遥控信号 
[时间]  11/20/2017 6:44:28 PM
37 字节遥控信号已发送服务器 
[时间]  11/20/2017 6:44:29 PM
接收到 32 字节本地遥控信号 
[时间]  11/20/2017 6:44:29 PM
37 字节遥控信号已发送服务器 
[时间]  11/20/2017 6:44:30 PM
接收到 32 字节本地遥控信号 
[时间]  11/20/2017 6:44:30 PM
37 字节遥控信号已发送服务器 
[时间]  11/20/2017 6:44:31 PM
接收到 32 字节本地遥控信号 
[时间]  11/20/2017 6:44:31 PM
37 字节遥控信号已发送服务器 
[时间]  11/20/2017 6:44:32 PM
接收到 32 字节本地遥控信号 
[时间]  11/20/2017 6:44:32 PM
37 字节遥控信号已发送服务器 
[时间]  11/20/2017 6:44:33 PM
接收到 32 字节本地遥控信号 
