#################################################################
#
# IniFile Create by NordaSoft.Common.IO
#
# Author: clt_qd@yahoo.com.cn
#
################################################################

[时间]  11/19/2017 9:54:45 AM
程序启动
[时间]  11/19/2017 9:54:45 AM
开始作遥测信号测试.....
[时间]  11/19/2017 9:54:46 AM
遥测连接并接收信息成功
[时间]  11/19/2017 9:55:31 AM
程序启动
[时间]  11/19/2017 9:55:31 AM
开始作遥测信号测试.....
[时间]  11/19/2017 9:55:32 AM
遥测连接并接收信息成功
[时间]  11/19/2017 9:59:59 AM
程序启动
[时间]  11/19/2017 9:59:59 AM
开始作遥测信号测试.....
[时间]  11/19/2017 10:00:00 AM
遥测连接并接收信息成功
[时间]  11/19/2017 10:00:21 AM
程序启动
[时间]  11/19/2017 10:00:21 AM
开始作遥测信号测试.....
[时间]  11/19/2017 10:00:21 AM
遥测连接并接收信息成功
[时间]  11/19/2017 10:01:34 AM
程序启动
[时间]  11/19/2017 10:01:35 AM
开始作遥测信号测试.....
[时间]  11/19/2017 10:01:35 AM
遥测连接并接收信息成功
[时间]  11/19/2017 10:03:21 AM
程序启动
[时间]  11/19/2017 10:03:21 AM
开始作遥测信号测试.....
[时间]  11/19/2017 10:03:22 AM
遥测连接并接收信息成功
[时间]  11/19/2017 10:03:38 AM
接收到 32 字节本地遥控信号 
[时间]  11/19/2017 10:03:38 AM
37 字节遥控信号已发送服务器 
[时间]  11/19/2017 10:03:39 AM
接收到 32 字节本地遥控信号 
[时间]  11/19/2017 10:03:39 AM
37 字节遥控信号已发送服务器 
[时间]  11/19/2017 10:03:41 AM
接收到 32 字节本地遥控信号 
[时间]  11/19/2017 10:03:41 AM
37 字节遥控信号已发送服务器 
[时间]  11/19/2017 11:09:08 AM
程序启动
[时间]  11/19/2017 11:09:08 AM
开始作遥测信号测试.....
[时间]  11/19/2017 11:09:09 AM
遥测连接并接收信息成功
