#Software: GetSingleShipInfo
#ProcessID: 29488 x64
#AppDomain: GetSingleShipInfo.exe
#FileName: D:\Code\Fuya\GetSingleShipInfo\bin\Debug\GetSingleShipInfo.exe
#BaseDirectory: D:\Code\Fuya\GetSingleShipInfo\bin\Debug\
#ApplicationType: WinForm
#CLR: 4.0.30319.42000
#OS: Windows 8 x64, afei/AFEI
#CPU: Intel(R) Core(TM) i7-6820HQ CPU @ 2.70GHz 2.71GHz 
#Memory: 7,401M/15,834M
#Date: 2017-11-20
#字段: 时间 线程ID 线程池Y网页W普通N 线程名 消息内容
#Fields: Time ThreadID IsPoolThread ThreadName Message
20:24:38.819  4 Y - DotNet.Utilities.Common v1.0.0.0       Build 2000-01-01
20:24:39.083  4 Y - GetSingleShipInfo v1.0.0.0       Build 2000-01-01
20:24:39.083  4 Y - new:{"Id":{"Timestamp":0,"Machine":0,"Pid":0,"Increment":0,"CreationTime":"\/Date(0)\/"},"ShipId":413831556,"Latitude":30555796,"Longitude":114617381,"Heading":900,"Course":28420,"Speed":1183,"Lasttime":1511180320}
20:24:40.294  5 Y - latNew：30346275,lonNew114715268,own:{"Id":{"Timestamp":0,"Machine":0,"Pid":0,"Increment":0,"CreationTime":"\/Date(0)\/"},"ShipId":413831556,"Latitude":30555796,"Longitude":114617381,"Heading":900,"Course":28420,"Speed":1183,"Lasttime":1511180680}
20:24:42.324  4 Y - latNew：30345111,lonNew114714299,own:{"Id":{"Timestamp":0,"Machine":0,"Pid":0,"Increment":0,"CreationTime":"\/Date(0)\/"},"ShipId":413831556,"Latitude":30555796,"Longitude":114617381,"Heading":900,"Course":28420,"Speed":1183,"Lasttime":1511180682}
20:24:44.294  4 Y - latNew：30343947,lonNew114713822,own:{"Id":{"Timestamp":0,"Machine":0,"Pid":0,"Increment":0,"CreationTime":"\/Date(0)\/"},"ShipId":413831556,"Latitude":30555796,"Longitude":114617381,"Heading":900,"Course":28420,"Speed":1183,"Lasttime":1511180684}
20:24:46.288  4 Y - latNew：30342783,lonNew114713821,own:{"Id":{"Timestamp":0,"Machine":0,"Pid":0,"Increment":0,"CreationTime":"\/Date(0)\/"},"ShipId":413831556,"Latitude":30555796,"Longitude":114617381,"Heading":900,"Course":28420,"Speed":1183,"Lasttime":1511180686}
20:24:48.308  4 Y - latNew：30341619,lonNew114714289,own:{"Id":{"Timestamp":0,"Machine":0,"Pid":0,"Increment":0,"CreationTime":"\/Date(0)\/"},"ShipId":413831556,"Latitude":30555796,"Longitude":114617381,"Heading":900,"Course":28420,"Speed":1183,"Lasttime":1511180688}
20:24:50.294  4 Y - latNew：30340455,lonNew114715234,own:{"Id":{"Timestamp":0,"Machine":0,"Pid":0,"Increment":0,"CreationTime":"\/Date(0)\/"},"ShipId":413831556,"Latitude":30555796,"Longitude":114617381,"Heading":900,"Course":28420,"Speed":1183,"Lasttime":1511180690}
20:24:52.285  4 Y - new:{"Id":{"Timestamp":0,"Machine":0,"Pid":0,"Increment":0,"CreationTime":"\/Date(0)\/"},"ShipId":413831556,"Latitude":30556966,"Longitude":114613930,"Heading":900,"Course":29030,"Speed":1538,"Lasttime":1511180594}
20:24:54.283  5 Y - latNew：30481300,lonNew114537689,own:{"Id":{"Timestamp":0,"Machine":0,"Pid":0,"Increment":0,"CreationTime":"\/Date(0)\/"},"ShipId":413831556,"Latitude":30556966,"Longitude":114613930,"Heading":900,"Course":29030,"Speed":1538,"Lasttime":1511180694}
20:24:56.268  4 Y - latNew：30479787,lonNew114518557,own:{"Id":{"Timestamp":0,"Machine":0,"Pid":0,"Increment":0,"CreationTime":"\/Date(0)\/"},"ShipId":413831556,"Latitude":30556966,"Longitude":114613930,"Heading":900,"Course":29030,"Speed":1538,"Lasttime":1511180696}
20:24:58.280  4 Y - latNew：30478274,lonNew114486872,own:{"Id":{"Timestamp":0,"Machine":0,"Pid":0,"Increment":0,"CreationTime":"\/Date(0)\/"},"ShipId":413831556,"Latitude":30556966,"Longitude":114613930,"Heading":900,"Course":29030,"Speed":1538,"Lasttime":1511180698}
20:25:00.265  4 Y - latNew：30476760,lonNew114424924,own:{"Id":{"Timestamp":0,"Machine":0,"Pid":0,"Increment":0,"CreationTime":"\/Date(0)\/"},"ShipId":413831556,"Latitude":30556966,"Longitude":114613930,"Heading":900,"Course":29030,"Speed":1538,"Lasttime":1511180700}
20:25:02.397  4 Y - latNew：30475247,lonNew114252130,own:{"Id":{"Timestamp":0,"Machine":0,"Pid":0,"Increment":0,"CreationTime":"\/Date(0)\/"},"ShipId":413831556,"Latitude":30556966,"Longitude":114613930,"Heading":900,"Course":29030,"Speed":1538,"Lasttime":1511180702}
20:25:04.302  4 Y - latNew：30473734,lonNew111352510,own:{"Id":{"Timestamp":0,"Machine":0,"Pid":0,"Increment":0,"CreationTime":"\/Date(0)\/"},"ShipId":413831556,"Latitude":30556966,"Longitude":114613930,"Heading":900,"Course":29030,"Speed":1538,"Lasttime":1511180704}
20:25:06.331  4 Y - latNew：30472221,lonNew115098085,own:{"Id":{"Timestamp":0,"Machine":0,"Pid":0,"Increment":0,"CreationTime":"\/Date(0)\/"},"ShipId":413831556,"Latitude":30556966,"Longitude":114613930,"Heading":900,"Course":29030,"Speed":1538,"Lasttime":1511180706}
20:25:08.496  4 Y - latNew：30470707,lonNew114844473,own:{"Id":{"Timestamp":0,"Machine":0,"Pid":0,"Increment":0,"CreationTime":"\/Date(0)\/"},"ShipId":413831556,"Latitude":30556966,"Longitude":114613930,"Heading":900,"Course":29030,"Speed":1538,"Lasttime":1511180708}
20:25:10.383  4 Y - latNew：30469194,lonNew114767865,own:{"Id":{"Timestamp":0,"Machine":0,"Pid":0,"Increment":0,"CreationTime":"\/Date(0)\/"},"ShipId":413831556,"Latitude":30556966,"Longitude":114613930,"Heading":900,"Course":29030,"Speed":1538,"Lasttime":1511180710}
20:25:12.310  4 Y - latNew：30467681,lonNew114731175,own:{"Id":{"Timestamp":0,"Machine":0,"Pid":0,"Increment":0,"CreationTime":"\/Date(0)\/"},"ShipId":413831556,"Latitude":30556966,"Longitude":114613930,"Heading":900,"Course":29030,"Speed":1538,"Lasttime":1511180712}
20:25:14.331  4 Y - latNew：30466167,lonNew114709852,own:{"Id":{"Timestamp":0,"Machine":0,"Pid":0,"Increment":0,"CreationTime":"\/Date(0)\/"},"ShipId":413831556,"Latitude":30556966,"Longitude":114613930,"Heading":900,"Course":29030,"Speed":1538,"Lasttime":1511180714}
20:25:16.343  4 Y - latNew：30464654,lonNew114696069,own:{"Id":{"Timestamp":0,"Machine":0,"Pid":0,"Increment":0,"CreationTime":"\/Date(0)\/"},"ShipId":413831556,"Latitude":30556966,"Longitude":114613930,"Heading":900,"Course":29030,"Speed":1538,"Lasttime":1511180716}
20:25:18.298  4 Y - latNew：30463141,lonNew114686558,own:{"Id":{"Timestamp":0,"Machine":0,"Pid":0,"Increment":0,"CreationTime":"\/Date(0)\/"},"ShipId":413831556,"Latitude":30556966,"Longitude":114613930,"Heading":900,"Course":29030,"Speed":1538,"Lasttime":1511180718}
20:25:20.326  4 Y - latNew：30461627,lonNew114679716,own:{"Id":{"Timestamp":0,"Machine":0,"Pid":0,"Increment":0,"CreationTime":"\/Date(0)\/"},"ShipId":413831556,"Latitude":30556966,"Longitude":114613930,"Heading":900,"Course":29030,"Speed":1538,"Lasttime":1511180720}
20:25:22.286  4 Y - latNew：30460114,lonNew114674666,own:{"Id":{"Timestamp":0,"Machine":0,"Pid":0,"Increment":0,"CreationTime":"\/Date(0)\/"},"ShipId":413831556,"Latitude":30556966,"Longitude":114613930,"Heading":900,"Course":29030,"Speed":1538,"Lasttime":1511180722}
20:25:24.319  5 Y - latNew：30458601,lonNew114670889,own:{"Id":{"Timestamp":0,"Machine":0,"Pid":0,"Increment":0,"CreationTime":"\/Date(0)\/"},"ShipId":413831556,"Latitude":30556966,"Longitude":114613930,"Heading":900,"Course":29030,"Speed":1538,"Lasttime":1511180724}
20:25:26.309  4 Y - latNew：30457088,lonNew114668065,own:{"Id":{"Timestamp":0,"Machine":0,"Pid":0,"Increment":0,"CreationTime":"\/Date(0)\/"},"ShipId":413831556,"Latitude":30556966,"Longitude":114613930,"Heading":900,"Course":29030,"Speed":1538,"Lasttime":1511180726}
20:25:28.297  4 Y - latNew：30455574,lonNew114665983,own:{"Id":{"Timestamp":0,"Machine":0,"Pid":0,"Increment":0,"CreationTime":"\/Date(0)\/"},"ShipId":413831556,"Latitude":30556966,"Longitude":114613930,"Heading":900,"Course":29030,"Speed":1538,"Lasttime":1511180728}
20:25:30.292  4 Y - latNew：30454061,lonNew114664506,own:{"Id":{"Timestamp":0,"Machine":0,"Pid":0,"Increment":0,"CreationTime":"\/Date(0)\/"},"ShipId":413831556,"Latitude":30556966,"Longitude":114613930,"Heading":900,"Course":29030,"Speed":1538,"Lasttime":1511180730}
20:25:32.417  4 Y - latNew：30452548,lonNew114663542,own:{"Id":{"Timestamp":0,"Machine":0,"Pid":0,"Increment":0,"CreationTime":"\/Date(0)\/"},"ShipId":413831556,"Latitude":30556966,"Longitude":114613930,"Heading":900,"Course":29030,"Speed":1538,"Lasttime":1511180732}
20:25:34.349  4 Y - latNew：30451034,lonNew114663031,own:{"Id":{"Timestamp":0,"Machine":0,"Pid":0,"Increment":0,"CreationTime":"\/Date(0)\/"},"ShipId":413831556,"Latitude":30556966,"Longitude":114613930,"Heading":900,"Course":29030,"Speed":1538,"Lasttime":1511180734}
20:25:36.393  4 Y - latNew：30543621,lonNew114601193,own:{"Id":{"Timestamp":0,"Machine":0,"Pid":0,"Increment":0,"CreationTime":"\/Date(0)\/"},"ShipId":413831556,"Latitude":30557603,"Longitude":114611680,"Heading":1000,"Course":28810,"Speed":1543,"Lasttime":1511180736}
20:25:38.359  4 Y - latNew：30542223,lonNew114599509,own:{"Id":{"Timestamp":0,"Machine":0,"Pid":0,"Increment":0,"CreationTime":"\/Date(0)\/"},"ShipId":413831556,"Latitude":30557603,"Longitude":114611680,"Heading":1000,"Course":28810,"Speed":1543,"Lasttime":1511180738}
20:25:40.329  4 Y - latNew：30540825,lonNew114597522,own:{"Id":{"Timestamp":0,"Machine":0,"Pid":0,"Increment":0,"CreationTime":"\/Date(0)\/"},"ShipId":413831556,"Latitude":30557603,"Longitude":114611680,"Heading":1000,"Course":28810,"Speed":1543,"Lasttime":1511180740}
20:25:42.302  4 Y - latNew：30539427,lonNew114595129,own:{"Id":{"Timestamp":0,"Machine":0,"Pid":0,"Increment":0,"CreationTime":"\/Date(0)\/"},"ShipId":413831556,"Latitude":30557603,"Longitude":114611680,"Heading":1000,"Course":28810,"Speed":1543,"Lasttime":1511180742}
20:25:44.317  4 Y - latNew：30538028,lonNew114592176,own:{"Id":{"Timestamp":0,"Machine":0,"Pid":0,"Increment":0,"CreationTime":"\/Date(0)\/"},"ShipId":413831556,"Latitude":30557603,"Longitude":114611680,"Heading":1000,"Course":28810,"Speed":1543,"Lasttime":1511180744}
20:25:46.364  4 Y - latNew：30536630,lonNew114588428,own:{"Id":{"Timestamp":0,"Machine":0,"Pid":0,"Increment":0,"CreationTime":"\/Date(0)\/"},"ShipId":413831556,"Latitude":30557603,"Longitude":114611680,"Heading":1000,"Course":28810,"Speed":1543,"Lasttime":1511180746}
20:25:48.348  4 Y - latNew：30535232,lonNew114583503,own:{"Id":{"Timestamp":0,"Machine":0,"Pid":0,"Increment":0,"CreationTime":"\/Date(0)\/"},"ShipId":413831556,"Latitude":30557603,"Longitude":114611680,"Heading":1000,"Course":28810,"Speed":1543,"Lasttime":1511180748}
20:25:50.361  4 Y - latNew：30533834,lonNew114576744,own:{"Id":{"Timestamp":0,"Machine":0,"Pid":0,"Increment":0,"CreationTime":"\/Date(0)\/"},"ShipId":413831556,"Latitude":30557603,"Longitude":114611680,"Heading":1000,"Course":28810,"Speed":1543,"Lasttime":1511180750}
20:25:52.350  4 Y - latNew：30532436,lonNew114566898,own:{"Id":{"Timestamp":0,"Machine":0,"Pid":0,"Increment":0,"CreationTime":"\/Date(0)\/"},"ShipId":413831556,"Latitude":30557603,"Longitude":114611680,"Heading":1000,"Course":28810,"Speed":1543,"Lasttime":1511180752}
20:25:54.418  5 Y - latNew：30531038,lonNew114551258,own:{"Id":{"Timestamp":0,"Machine":0,"Pid":0,"Increment":0,"CreationTime":"\/Date(0)\/"},"ShipId":413831556,"Latitude":30557603,"Longitude":114611680,"Heading":1000,"Course":28810,"Speed":1543,"Lasttime":1511180754}
20:25:56.350  4 Y - latNew：30529639,lonNew114522694,own:{"Id":{"Timestamp":0,"Machine":0,"Pid":0,"Increment":0,"CreationTime":"\/Date(0)\/"},"ShipId":413831556,"Latitude":30557603,"Longitude":114611680,"Heading":1000,"Course":28810,"Speed":1543,"Lasttime":1511180756}
20:25:58.351  4 Y - latNew：30528241,lonNew114454343,own:{"Id":{"Timestamp":0,"Machine":0,"Pid":0,"Increment":0,"CreationTime":"\/Date(0)\/"},"ShipId":413831556,"Latitude":30557603,"Longitude":114611680,"Heading":1000,"Course":28810,"Speed":1543,"Lasttime":1511180758}
20:26:00.411  4 Y - latNew：30526843,lonNew114078332,own:{"Id":{"Timestamp":0,"Machine":0,"Pid":0,"Increment":0,"CreationTime":"\/Date(0)\/"},"ShipId":413831556,"Latitude":30557603,"Longitude":114611680,"Heading":1000,"Course":28810,"Speed":1543,"Lasttime":1511180760}
20:26:02.337  4 Y - latNew：30525445,lonNew115060337,own:{"Id":{"Timestamp":0,"Machine":0,"Pid":0,"Increment":0,"CreationTime":"\/Date(0)\/"},"ShipId":413831556,"Latitude":30557603,"Longitude":114611680,"Heading":1000,"Course":28810,"Speed":1543,"Lasttime":1511180762}
20:26:04.322  4 Y - latNew：30524047,lonNew114779024,own:{"Id":{"Timestamp":0,"Machine":0,"Pid":0,"Increment":0,"CreationTime":"\/Date(0)\/"},"ShipId":413831556,"Latitude":30557603,"Longitude":114611680,"Heading":1000,"Course":28810,"Speed":1543,"Lasttime":1511180764}
20:26:06.320  4 Y - latNew：30522649,lonNew114718262,own:{"Id":{"Timestamp":0,"Machine":0,"Pid":0,"Increment":0,"CreationTime":"\/Date(0)\/"},"ShipId":413831556,"Latitude":30557603,"Longitude":114611680,"Heading":1000,"Course":28810,"Speed":1543,"Lasttime":1511180766}
20:26:08.488  4 Y - latNew：30521251,lonNew114691913,own:{"Id":{"Timestamp":0,"Machine":0,"Pid":0,"Increment":0,"CreationTime":"\/Date(0)\/"},"ShipId":413831556,"Latitude":30557603,"Longitude":114611680,"Heading":1000,"Course":28810,"Speed":1543,"Lasttime":1511180768}
20:26:10.643  4 Y - latNew：30519852,lonNew114677330,own:{"Id":{"Timestamp":0,"Machine":0,"Pid":0,"Increment":0,"CreationTime":"\/Date(0)\/"},"ShipId":413831556,"Latitude":30557603,"Longitude":114611680,"Heading":1000,"Course":28810,"Speed":1543,"Lasttime":1511180770}
20:26:12.333  4 Y - latNew：30518454,lonNew114668178,own:{"Id":{"Timestamp":0,"Machine":0,"Pid":0,"Increment":0,"CreationTime":"\/Date(0)\/"},"ShipId":413831556,"Latitude":30557603,"Longitude":114611680,"Heading":1000,"Course":28810,"Speed":1543,"Lasttime":1511180772}
20:26:14.334  4 Y - latNew：30517056,lonNew114661989,own:{"Id":{"Timestamp":0,"Machine":0,"Pid":0,"Increment":0,"CreationTime":"\/Date(0)\/"},"ShipId":413831556,"Latitude":30557603,"Longitude":114611680,"Heading":1000,"Course":28810,"Speed":1543,"Lasttime":1511180774}
20:26:16.334  4 Y - latNew：30515658,lonNew114657606,own:{"Id":{"Timestamp":0,"Machine":0,"Pid":0,"Increment":0,"CreationTime":"\/Date(0)\/"},"ShipId":413831556,"Latitude":30557603,"Longitude":114611680,"Heading":1000,"Course":28810,"Speed":1543,"Lasttime":1511180776}
20:26:18.348  4 Y - latNew：30514260,lonNew114654415,own:{"Id":{"Timestamp":0,"Machine":0,"Pid":0,"Increment":0,"CreationTime":"\/Date(0)\/"},"ShipId":413831556,"Latitude":30557603,"Longitude":114611680,"Heading":1000,"Course":28810,"Speed":1543,"Lasttime":1511180778}
20:26:20.347  4 Y - latNew：30512862,lonNew114652059,own:{"Id":{"Timestamp":0,"Machine":0,"Pid":0,"Increment":0,"CreationTime":"\/Date(0)\/"},"ShipId":413831556,"Latitude":30557603,"Longitude":114611680,"Heading":1000,"Course":28810,"Speed":1543,"Lasttime":1511180780}
20:26:22.330  4 Y - latNew：30511464,lonNew114650321,own:{"Id":{"Timestamp":0,"Machine":0,"Pid":0,"Increment":0,"CreationTime":"\/Date(0)\/"},"ShipId":413831556,"Latitude":30557603,"Longitude":114611680,"Heading":1000,"Course":28810,"Speed":1543,"Lasttime":1511180782}
20:26:24.401  5 Y - latNew：30510065,lonNew114649062,own:{"Id":{"Timestamp":0,"Machine":0,"Pid":0,"Increment":0,"CreationTime":"\/Date(0)\/"},"ShipId":413831556,"Latitude":30557603,"Longitude":114611680,"Heading":1000,"Course":28810,"Speed":1543,"Lasttime":1511180784}
20:26:26.349  4 Y - latNew：30508667,lonNew114648191,own:{"Id":{"Timestamp":0,"Machine":0,"Pid":0,"Increment":0,"CreationTime":"\/Date(0)\/"},"ShipId":413831556,"Latitude":30557603,"Longitude":114611680,"Heading":1000,"Course":28810,"Speed":1543,"Lasttime":1511180786}
20:26:28.400  4 Y - latNew：30507269,lonNew114647644,own:{"Id":{"Timestamp":0,"Machine":0,"Pid":0,"Increment":0,"CreationTime":"\/Date(0)\/"},"ShipId":413831556,"Latitude":30557603,"Longitude":114611680,"Heading":1000,"Course":28810,"Speed":1543,"Lasttime":1511180788}
20:26:30.387  4 Y - new:{"Id":{"Timestamp":0,"Machine":0,"Pid":0,"Increment":0,"CreationTime":"\/Date(0)\/"},"ShipId":413831556,"Latitude":30557793,"Longitude":114610747,"Heading":1000,"Course":28080,"Speed":1492,"Lasttime":1511180775}
20:26:32.383  4 Y - latNew：30546301,lonNew114602750,own:{"Id":{"Timestamp":0,"Machine":0,"Pid":0,"Increment":0,"CreationTime":"\/Date(0)\/"},"ShipId":413831556,"Latitude":30557793,"Longitude":114610747,"Heading":1000,"Course":28080,"Speed":1492,"Lasttime":1511180792}
20:26:34.681  4 Y - latNew：30544949,lonNew114601486,own:{"Id":{"Timestamp":0,"Machine":0,"Pid":0,"Increment":0,"CreationTime":"\/Date(0)\/"},"ShipId":413831556,"Latitude":30557793,"Longitude":114610747,"Heading":1000,"Course":28080,"Speed":1492,"Lasttime":1511180794}
20:26:36.386  4 Y - latNew：30543597,lonNew114600055,own:{"Id":{"Timestamp":0,"Machine":0,"Pid":0,"Increment":0,"CreationTime":"\/Date(0)\/"},"ShipId":413831556,"Latitude":30557793,"Longitude":114610747,"Heading":1000,"Course":28080,"Speed":1492,"Lasttime":1511180796}
20:26:38.381  4 Y - latNew：30542245,lonNew114598405,own:{"Id":{"Timestamp":0,"Machine":0,"Pid":0,"Increment":0,"CreationTime":"\/Date(0)\/"},"ShipId":413831556,"Latitude":30557793,"Longitude":114610747,"Heading":1000,"Course":28080,"Speed":1492,"Lasttime":1511180798}
20:26:40.413  4 Y - latNew：30540893,lonNew114596468,own:{"Id":{"Timestamp":0,"Machine":0,"Pid":0,"Increment":0,"CreationTime":"\/Date(0)\/"},"ShipId":413831556,"Latitude":30557793,"Longitude":114610747,"Heading":1000,"Course":28080,"Speed":1492,"Lasttime":1511180800}
20:26:42.383  4 Y - latNew：30539541,lonNew114594147,own:{"Id":{"Timestamp":0,"Machine":0,"Pid":0,"Increment":0,"CreationTime":"\/Date(0)\/"},"ShipId":413831556,"Latitude":30557793,"Longitude":114610747,"Heading":1000,"Course":28080,"Speed":1492,"Lasttime":1511180802}
20:26:44.378  4 Y - latNew：30538189,lonNew114591304,own:{"Id":{"Timestamp":0,"Machine":0,"Pid":0,"Increment":0,"CreationTime":"\/Date(0)\/"},"ShipId":413831556,"Latitude":30557793,"Longitude":114610747,"Heading":1000,"Course":28080,"Speed":1492,"Lasttime":1511180804}
20:26:46.419  4 Y - latNew：30536837,lonNew114587728,own:{"Id":{"Timestamp":0,"Machine":0,"Pid":0,"Increment":0,"CreationTime":"\/Date(0)\/"},"ShipId":413831556,"Latitude":30557793,"Longitude":114610747,"Heading":1000,"Course":28080,"Speed":1492,"Lasttime":1511180806}
20:26:48.418  4 Y - latNew：30535486,lonNew114583087,own:{"Id":{"Timestamp":0,"Machine":0,"Pid":0,"Increment":0,"CreationTime":"\/Date(0)\/"},"ShipId":413831556,"Latitude":30557793,"Longitude":114610747,"Heading":1000,"Course":28080,"Speed":1492,"Lasttime":1511180808}
20:26:50.404  4 Y - latNew：30534134,lonNew114576817,own:{"Id":{"Timestamp":0,"Machine":0,"Pid":0,"Increment":0,"CreationTime":"\/Date(0)\/"},"ShipId":413831556,"Latitude":30557793,"Longitude":114610747,"Heading":1000,"Course":28080,"Speed":1492,"Lasttime":1511180810}
20:26:52.392  4 Y - latNew：30532782,lonNew114567886,own:{"Id":{"Timestamp":0,"Machine":0,"Pid":0,"Increment":0,"CreationTime":"\/Date(0)\/"},"ShipId":413831556,"Latitude":30557793,"Longitude":114610747,"Heading":1000,"Course":28080,"Speed":1492,"Lasttime":1511180812}
20:26:54.449  5 Y - latNew：30531430,lonNew114554167,own:{"Id":{"Timestamp":0,"Machine":0,"Pid":0,"Increment":0,"CreationTime":"\/Date(0)\/"},"ShipId":413831556,"Latitude":30557793,"Longitude":114610747,"Heading":1000,"Course":28080,"Speed":1492,"Lasttime":1511180814}
20:26:56.513  4 Y - latNew：30530078,lonNew114530478,own:{"Id":{"Timestamp":0,"Machine":0,"Pid":0,"Increment":0,"CreationTime":"\/Date(0)\/"},"ShipId":413831556,"Latitude":30557793,"Longitude":114610747,"Heading":1000,"Course":28080,"Speed":1492,"Lasttime":1511180816}
20:26:58.427  4 Y - latNew：30528726,lonNew114480015,own:{"Id":{"Timestamp":0,"Machine":0,"Pid":0,"Increment":0,"CreationTime":"\/Date(0)\/"},"ShipId":413831556,"Latitude":30557793,"Longitude":114610747,"Heading":1000,"Course":28080,"Speed":1492,"Lasttime":1511180818}
20:27:00.422  4 Y - latNew：30527374,lonNew114300163,own:{"Id":{"Timestamp":0,"Machine":0,"Pid":0,"Increment":0,"CreationTime":"\/Date(0)\/"},"ShipId":413831556,"Latitude":30557793,"Longitude":114610747,"Heading":1000,"Course":28080,"Speed":1492,"Lasttime":1511180820}
20:27:02.431  4 Y - latNew：30526022,lonNew115782991,own:{"Id":{"Timestamp":0,"Machine":0,"Pid":0,"Increment":0,"CreationTime":"\/Date(0)\/"},"ShipId":413831556,"Latitude":30557793,"Longitude":114610747,"Heading":1000,"Course":28080,"Speed":1492,"Lasttime":1511180822}
20:27:04.481  4 Y - latNew：30524670,lonNew114828706,own:{"Id":{"Timestamp":0,"Machine":0,"Pid":0,"Increment":0,"CreationTime":"\/Date(0)\/"},"ShipId":413831556,"Latitude":30557793,"Longitude":114610747,"Heading":1000,"Course":28080,"Speed":1492,"Lasttime":1511180824}
20:27:06.442  4 Y - latNew：30523318,lonNew114735730,own:{"Id":{"Timestamp":0,"Machine":0,"Pid":0,"Increment":0,"CreationTime":"\/Date(0)\/"},"ShipId":413831556,"Latitude":30557793,"Longitude":114610747,"Heading":1000,"Course":28080,"Speed":1492,"Lasttime":1511180826}
20:27:08.431  4 Y - latNew：30521966,lonNew114700789,own:{"Id":{"Timestamp":0,"Machine":0,"Pid":0,"Increment":0,"CreationTime":"\/Date(0)\/"},"ShipId":413831556,"Latitude":30557793,"Longitude":114610747,"Heading":1000,"Course":28080,"Speed":1492,"Lasttime":1511180828}
20:27:10.441  4 Y - latNew：30520614,lonNew114682614,own:{"Id":{"Timestamp":0,"Machine":0,"Pid":0,"Increment":0,"CreationTime":"\/Date(0)\/"},"ShipId":413831556,"Latitude":30557793,"Longitude":114610747,"Heading":1000,"Course":28080,"Speed":1492,"Lasttime":1511180830}
20:27:13.061  4 Y - latNew：30518586,lonNew114667579,own:{"Id":{"Timestamp":0,"Machine":0,"Pid":0,"Increment":0,"CreationTime":"\/Date(0)\/"},"ShipId":413831556,"Latitude":30557793,"Longitude":114610747,"Heading":1000,"Course":28080,"Speed":1492,"Lasttime":1511180833}
20:27:14.654  4 Y - latNew：30517910,lonNew114664264,own:{"Id":{"Timestamp":0,"Machine":0,"Pid":0,"Increment":0,"CreationTime":"\/Date(0)\/"},"ShipId":413831556,"Latitude":30557793,"Longitude":114610747,"Heading":1000,"Course":28080,"Speed":1492,"Lasttime":1511180834}
20:27:16.583  4 Y - latNew：30516558,lonNew114659133,own:{"Id":{"Timestamp":0,"Machine":0,"Pid":0,"Increment":0,"CreationTime":"\/Date(0)\/"},"ShipId":413831556,"Latitude":30557793,"Longitude":114610747,"Heading":1000,"Course":28080,"Speed":1492,"Lasttime":1511180836}
20:27:18.486  4 Y - latNew：30515206,lonNew114655407,own:{"Id":{"Timestamp":0,"Machine":0,"Pid":0,"Increment":0,"CreationTime":"\/Date(0)\/"},"ShipId":413831556,"Latitude":30557793,"Longitude":114610747,"Heading":1000,"Course":28080,"Speed":1492,"Lasttime":1511180838}
20:27:20.449  4 Y - latNew：30513855,lonNew114652647,own:{"Id":{"Timestamp":0,"Machine":0,"Pid":0,"Increment":0,"CreationTime":"\/Date(0)\/"},"ShipId":413831556,"Latitude":30557793,"Longitude":114610747,"Heading":1000,"Course":28080,"Speed":1492,"Lasttime":1511180840}
20:27:22.524  4 Y - latNew：30512503,lonNew114650585,own:{"Id":{"Timestamp":0,"Machine":0,"Pid":0,"Increment":0,"CreationTime":"\/Date(0)\/"},"ShipId":413831556,"Latitude":30557793,"Longitude":114610747,"Heading":1000,"Course":28080,"Speed":1492,"Lasttime":1511180842}
20:27:24.465  4 Y - latNew：30511151,lonNew114649054,own:{"Id":{"Timestamp":0,"Machine":0,"Pid":0,"Increment":0,"CreationTime":"\/Date(0)\/"},"ShipId":413831556,"Latitude":30557793,"Longitude":114610747,"Heading":1000,"Course":28080,"Speed":1492,"Lasttime":1511180844}
20:27:26.485  4 Y - latNew：30509799,lonNew114647943,own:{"Id":{"Timestamp":0,"Machine":0,"Pid":0,"Increment":0,"CreationTime":"\/Date(0)\/"},"ShipId":413831556,"Latitude":30557793,"Longitude":114610747,"Heading":1000,"Course":28080,"Speed":1492,"Lasttime":1511180846}
20:27:28.463  4 Y - latNew：30508447,lonNew114647178,own:{"Id":{"Timestamp":0,"Machine":0,"Pid":0,"Increment":0,"CreationTime":"\/Date(0)\/"},"ShipId":413831556,"Latitude":30557793,"Longitude":114610747,"Heading":1000,"Course":28080,"Speed":1492,"Lasttime":1511180848}
20:27:30.496  4 Y - latNew：30507095,lonNew114646707,own:{"Id":{"Timestamp":0,"Machine":0,"Pid":0,"Increment":0,"CreationTime":"\/Date(0)\/"},"ShipId":413831556,"Latitude":30557793,"Longitude":114610747,"Heading":1000,"Course":28080,"Speed":1492,"Lasttime":1511180850}
20:27:32.496  4 Y - latNew：30505743,lonNew114646498,own:{"Id":{"Timestamp":0,"Machine":0,"Pid":0,"Increment":0,"CreationTime":"\/Date(0)\/"},"ShipId":413831556,"Latitude":30557793,"Longitude":114610747,"Heading":1000,"Course":28080,"Speed":1492,"Lasttime":1511180852}
20:27:34.479  4 Y - latNew：30504391,lonNew114646530,own:{"Id":{"Timestamp":0,"Machine":0,"Pid":0,"Increment":0,"CreationTime":"\/Date(0)\/"},"ShipId":413831556,"Latitude":30557793,"Longitude":114610747,"Heading":1000,"Course":28080,"Speed":1492,"Lasttime":1511180854}
20:27:36.517  4 Y - latNew：30503039,lonNew114646792,own:{"Id":{"Timestamp":0,"Machine":0,"Pid":0,"Increment":0,"CreationTime":"\/Date(0)\/"},"ShipId":413831556,"Latitude":30557793,"Longitude":114610747,"Heading":1000,"Course":28080,"Speed":1492,"Lasttime":1511180856}
20:27:38.492  4 Y - latNew：30501687,lonNew114647281,own:{"Id":{"Timestamp":0,"Machine":0,"Pid":0,"Increment":0,"CreationTime":"\/Date(0)\/"},"ShipId":413831556,"Latitude":30557793,"Longitude":114610747,"Heading":1000,"Course":28080,"Speed":1492,"Lasttime":1511180858}
20:27:40.529  4 Y - latNew：30500335,lonNew114648002,own:{"Id":{"Timestamp":0,"Machine":0,"Pid":0,"Increment":0,"CreationTime":"\/Date(0)\/"},"ShipId":413831556,"Latitude":30557793,"Longitude":114610747,"Heading":1000,"Course":28080,"Speed":1492,"Lasttime":1511180860}
20:27:42.562  4 Y - latNew：30498983,lonNew114648967,own:{"Id":{"Timestamp":0,"Machine":0,"Pid":0,"Increment":0,"CreationTime":"\/Date(0)\/"},"ShipId":413831556,"Latitude":30557793,"Longitude":114610747,"Heading":1000,"Course":28080,"Speed":1492,"Lasttime":1511180862}
20:27:44.894  4 Y - latNew：30497631,lonNew114650197,own:{"Id":{"Timestamp":0,"Machine":0,"Pid":0,"Increment":0,"CreationTime":"\/Date(0)\/"},"ShipId":413831556,"Latitude":30557793,"Longitude":114610747,"Heading":1000,"Course":28080,"Speed":1492,"Lasttime":1511180864}
20:27:46.497  4 Y - latNew：30496279,lonNew114651721,own:{"Id":{"Timestamp":0,"Machine":0,"Pid":0,"Increment":0,"CreationTime":"\/Date(0)\/"},"ShipId":413831556,"Latitude":30557793,"Longitude":114610747,"Heading":1000,"Course":28080,"Speed":1492,"Lasttime":1511180866}
20:27:48.511  4 Y - latNew：30494927,lonNew114653580,own:{"Id":{"Timestamp":0,"Machine":0,"Pid":0,"Increment":0,"CreationTime":"\/Date(0)\/"},"ShipId":413831556,"Latitude":30557793,"Longitude":114610747,"Heading":1000,"Course":28080,"Speed":1492,"Lasttime":1511180868}
20:27:50.490  4 Y - latNew：30493575,lonNew114655829,own:{"Id":{"Timestamp":0,"Machine":0,"Pid":0,"Increment":0,"CreationTime":"\/Date(0)\/"},"ShipId":413831556,"Latitude":30557793,"Longitude":114610747,"Heading":1000,"Course":28080,"Speed":1492,"Lasttime":1511180870}
20:27:52.487  4 Y - latNew：30492224,lonNew114658543,own:{"Id":{"Timestamp":0,"Machine":0,"Pid":0,"Increment":0,"CreationTime":"\/Date(0)\/"},"ShipId":413831556,"Latitude":30557793,"Longitude":114610747,"Heading":1000,"Course":28080,"Speed":1492,"Lasttime":1511180872}
20:27:54.551 11 Y - latNew：30490872,lonNew114661824,own:{"Id":{"Timestamp":0,"Machine":0,"Pid":0,"Increment":0,"CreationTime":"\/Date(0)\/"},"ShipId":413831556,"Latitude":30557793,"Longitude":114610747,"Heading":1000,"Course":28080,"Speed":1492,"Lasttime":1511180874}
20:27:56.521  4 Y - latNew：30489520,lonNew114665808,own:{"Id":{"Timestamp":0,"Machine":0,"Pid":0,"Increment":0,"CreationTime":"\/Date(0)\/"},"ShipId":413831556,"Latitude":30557793,"Longitude":114610747,"Heading":1000,"Course":28080,"Speed":1492,"Lasttime":1511180876}
20:27:58.505  4 Y - latNew：30488168,lonNew114670688,own:{"Id":{"Timestamp":0,"Machine":0,"Pid":0,"Increment":0,"CreationTime":"\/Date(0)\/"},"ShipId":413831556,"Latitude":30557793,"Longitude":114610747,"Heading":1000,"Course":28080,"Speed":1492,"Lasttime":1511180878}
20:28:00.511  4 Y - latNew：30486816,lonNew114676740,own:{"Id":{"Timestamp":0,"Machine":0,"Pid":0,"Increment":0,"CreationTime":"\/Date(0)\/"},"ShipId":413831556,"Latitude":30557793,"Longitude":114610747,"Heading":1000,"Course":28080,"Speed":1492,"Lasttime":1511180880}
20:28:02.570  4 Y - latNew：30485464,lonNew114684371,own:{"Id":{"Timestamp":0,"Machine":0,"Pid":0,"Increment":0,"CreationTime":"\/Date(0)\/"},"ShipId":413831556,"Latitude":30557793,"Longitude":114610747,"Heading":1000,"Course":28080,"Speed":1492,"Lasttime":1511180882}
20:28:04.518  4 Y - latNew：30484112,lonNew114694207,own:{"Id":{"Timestamp":0,"Machine":0,"Pid":0,"Increment":0,"CreationTime":"\/Date(0)\/"},"ShipId":413831556,"Latitude":30557793,"Longitude":114610747,"Heading":1000,"Course":28080,"Speed":1492,"Lasttime":1511180884}
20:28:06.578  4 Y - latNew：30482760,lonNew114707258,own:{"Id":{"Timestamp":0,"Machine":0,"Pid":0,"Increment":0,"CreationTime":"\/Date(0)\/"},"ShipId":413831556,"Latitude":30557793,"Longitude":114610747,"Heading":1000,"Course":28080,"Speed":1492,"Lasttime":1511180886}
20:28:08.543  4 Y - latNew：30481408,lonNew114725274,own:{"Id":{"Timestamp":0,"Machine":0,"Pid":0,"Increment":0,"CreationTime":"\/Date(0)\/"},"ShipId":413831556,"Latitude":30557793,"Longitude":114610747,"Heading":1000,"Course":28080,"Speed":1492,"Lasttime":1511180888}
20:28:10.559  4 Y - latNew：30480056,lonNew114751554,own:{"Id":{"Timestamp":0,"Machine":0,"Pid":0,"Increment":0,"CreationTime":"\/Date(0)\/"},"ShipId":413831556,"Latitude":30557793,"Longitude":114610747,"Heading":1000,"Course":28080,"Speed":1492,"Lasttime":1511180890}
20:28:12.513  4 Y - latNew：30478704,lonNew114793159,own:{"Id":{"Timestamp":0,"Machine":0,"Pid":0,"Increment":0,"CreationTime":"\/Date(0)\/"},"ShipId":413831556,"Latitude":30557793,"Longitude":114610747,"Heading":1000,"Course":28080,"Speed":1492,"Lasttime":1511180892}
20:28:14.521  4 Y - latNew：30477352,lonNew114868395,own:{"Id":{"Timestamp":0,"Machine":0,"Pid":0,"Increment":0,"CreationTime":"\/Date(0)\/"},"ShipId":413831556,"Latitude":30557793,"Longitude":114610747,"Heading":1000,"Course":28080,"Speed":1492,"Lasttime":1511180894}
20:28:16.528  4 Y - latNew：30476000,lonNew115043973,own:{"Id":{"Timestamp":0,"Machine":0,"Pid":0,"Increment":0,"CreationTime":"\/Date(0)\/"},"ShipId":413831556,"Latitude":30557793,"Longitude":114610747,"Heading":1000,"Course":28080,"Speed":1492,"Lasttime":1511180896}
20:28:18.537  4 Y - latNew：30474648,lonNew115906951,own:{"Id":{"Timestamp":0,"Machine":0,"Pid":0,"Increment":0,"CreationTime":"\/Date(0)\/"},"ShipId":413831556,"Latitude":30557793,"Longitude":114610747,"Heading":1000,"Course":28080,"Speed":1492,"Lasttime":1511180898}
20:28:20.818  4 Y - latNew：30473296,lonNew113223997,own:{"Id":{"Timestamp":0,"Machine":0,"Pid":0,"Increment":0,"CreationTime":"\/Date(0)\/"},"ShipId":413831556,"Latitude":30557793,"Longitude":114610747,"Heading":1000,"Course":28080,"Speed":1492,"Lasttime":1511180900}
20:28:22.761  4 Y - latNew：30471944,lonNew114148217,own:{"Id":{"Timestamp":0,"Machine":0,"Pid":0,"Increment":0,"CreationTime":"\/Date(0)\/"},"ShipId":413831556,"Latitude":30557793,"Longitude":114610747,"Heading":1000,"Course":28080,"Speed":1492,"Lasttime":1511180902}
20:28:24.543  4 Y - latNew：30470592,lonNew114328601,own:{"Id":{"Timestamp":0,"Machine":0,"Pid":0,"Increment":0,"CreationTime":"\/Date(0)\/"},"ShipId":413831556,"Latitude":30557793,"Longitude":114610747,"Heading":1000,"Course":28080,"Speed":1492,"Lasttime":1511180904}
20:28:26.544  4 Y - latNew：30469241,lonNew114405042,own:{"Id":{"Timestamp":0,"Machine":0,"Pid":0,"Increment":0,"CreationTime":"\/Date(0)\/"},"ShipId":413831556,"Latitude":30557793,"Longitude":114610747,"Heading":1000,"Course":28080,"Speed":1492,"Lasttime":1511180906}
20:28:28.597  4 Y - latNew：30467889,lonNew114447009,own:{"Id":{"Timestamp":0,"Machine":0,"Pid":0,"Increment":0,"CreationTime":"\/Date(0)\/"},"ShipId":413831556,"Latitude":30557793,"Longitude":114610747,"Heading":1000,"Course":28080,"Speed":1492,"Lasttime":1511180908}
20:28:30.521  4 Y - latNew：30466537,lonNew114473324,own:{"Id":{"Timestamp":0,"Machine":0,"Pid":0,"Increment":0,"CreationTime":"\/Date(0)\/"},"ShipId":413831556,"Latitude":30557793,"Longitude":114610747,"Heading":1000,"Course":28080,"Speed":1492,"Lasttime":1511180910}
20:28:32.554  4 Y - latNew：30465185,lonNew114491201,own:{"Id":{"Timestamp":0,"Machine":0,"Pid":0,"Increment":0,"CreationTime":"\/Date(0)\/"},"ShipId":413831556,"Latitude":30557793,"Longitude":114610747,"Heading":1000,"Course":28080,"Speed":1492,"Lasttime":1511180912}
20:28:34.559  4 Y - latNew：30463833,lonNew114503996,own:{"Id":{"Timestamp":0,"Machine":0,"Pid":0,"Increment":0,"CreationTime":"\/Date(0)\/"},"ShipId":413831556,"Latitude":30557793,"Longitude":114610747,"Heading":1000,"Course":28080,"Speed":1492,"Lasttime":1511180914}
20:28:36.534  4 Y - latNew：30462481,lonNew114513481,own:{"Id":{"Timestamp":0,"Machine":0,"Pid":0,"Increment":0,"CreationTime":"\/Date(0)\/"},"ShipId":413831556,"Latitude":30557793,"Longitude":114610747,"Heading":1000,"Course":28080,"Speed":1492,"Lasttime":1511180916}
20:28:38.607  4 Y - latNew：30461129,lonNew114520676,own:{"Id":{"Timestamp":0,"Machine":0,"Pid":0,"Increment":0,"CreationTime":"\/Date(0)\/"},"ShipId":413831556,"Latitude":30557793,"Longitude":114610747,"Heading":1000,"Course":28080,"Speed":1492,"Lasttime":1511180918}
20:28:40.593  4 Y - latNew：30459777,lonNew114526209,own:{"Id":{"Timestamp":0,"Machine":0,"Pid":0,"Increment":0,"CreationTime":"\/Date(0)\/"},"ShipId":413831556,"Latitude":30557793,"Longitude":114610747,"Heading":1000,"Course":28080,"Speed":1492,"Lasttime":1511180920}
20:28:42.547  4 Y - latNew：30458425,lonNew114530484,own:{"Id":{"Timestamp":0,"Machine":0,"Pid":0,"Increment":0,"CreationTime":"\/Date(0)\/"},"ShipId":413831556,"Latitude":30557793,"Longitude":114610747,"Heading":1000,"Course":28080,"Speed":1492,"Lasttime":1511180922}
20:28:44.534  4 Y - new:{"Id":{"Timestamp":0,"Machine":0,"Pid":0,"Increment":0,"CreationTime":"\/Date(0)\/"},"ShipId":413831556,"Latitude":30558010,"Longitude":114609810,"Heading":1000,"Course":28550,"Speed":1532,"Lasttime":1511180849}
20:28:46.542  4 Y - latNew：30504564,lonNew114645659,own:{"Id":{"Timestamp":0,"Machine":0,"Pid":0,"Increment":0,"CreationTime":"\/Date(0)\/"},"ShipId":413831556,"Latitude":30558010,"Longitude":114609810,"Heading":1000,"Course":28550,"Speed":1532,"Lasttime":1511180926}
20:28:48.535  4 Y - latNew：30503176,lonNew114645919,own:{"Id":{"Timestamp":0,"Machine":0,"Pid":0,"Increment":0,"CreationTime":"\/Date(0)\/"},"ShipId":413831556,"Latitude":30558010,"Longitude":114609810,"Heading":1000,"Course":28550,"Speed":1532,"Lasttime":1511180928}
20:28:50.540  4 Y - latNew：30501788,lonNew114646418,own:{"Id":{"Timestamp":0,"Machine":0,"Pid":0,"Increment":0,"CreationTime":"\/Date(0)\/"},"ShipId":413831556,"Latitude":30558010,"Longitude":114609810,"Heading":1000,"Course":28550,"Speed":1532,"Lasttime":1511180930}
20:28:52.556  4 Y - latNew：30500400,lonNew114647163,own:{"Id":{"Timestamp":0,"Machine":0,"Pid":0,"Increment":0,"CreationTime":"\/Date(0)\/"},"ShipId":413831556,"Latitude":30558010,"Longitude":114609810,"Heading":1000,"Course":28550,"Speed":1532,"Lasttime":1511180932}
20:28:54.609  4 Y - latNew：30499012,lonNew114648166,own:{"Id":{"Timestamp":0,"Machine":0,"Pid":0,"Increment":0,"CreationTime":"\/Date(0)\/"},"ShipId":413831556,"Latitude":30558010,"Longitude":114609810,"Heading":1000,"Course":28550,"Speed":1532,"Lasttime":1511180934}
20:28:56.551  4 Y - latNew：30497624,lonNew114649450,own:{"Id":{"Timestamp":0,"Machine":0,"Pid":0,"Increment":0,"CreationTime":"\/Date(0)\/"},"ShipId":413831556,"Latitude":30558010,"Longitude":114609810,"Heading":1000,"Course":28550,"Speed":1532,"Lasttime":1511180936}
20:28:58.584  4 Y - latNew：30496235,lonNew114651048,own:{"Id":{"Timestamp":0,"Machine":0,"Pid":0,"Increment":0,"CreationTime":"\/Date(0)\/"},"ShipId":413831556,"Latitude":30558010,"Longitude":114609810,"Heading":1000,"Course":28550,"Speed":1532,"Lasttime":1511180938}
