#Software: GetSingleShipInfo
#ProcessID: 32468 x64
#AppDomain: GetSingleShipInfo.exe
#FileName: D:\Code\Fuya\GetSingleShipInfo\bin\Debug\GetSingleShipInfo.exe
#BaseDirectory: D:\Code\Fuya\GetSingleShipInfo\bin\Debug\
#ApplicationType: WinForm
#CLR: 4.0.30319.42000
#OS: Windows 8 x64, afei/AFEI
#CPU: Intel(R) Core(TM) i7-6820HQ CPU @ 2.70GHz 2.71GHz 
#Memory: 7,242M/15,834M
#Date: 2017-11-20
#字段: 时间 线程ID 线程池Y网页W普通N 线程名 消息内容
#Fields: Time ThreadID IsPoolThread ThreadName Message
20:30:36.761  4 Y - DotNet.Utilities.Common v1.0.0.0       Build 2000-01-01
20:30:37.019  4 Y - GetSingleShipInfo v1.0.0.0       Build 2000-01-01
20:30:37.019  4 Y - latNew：30548331,lonNew114602761,own:{"Id":{"Timestamp":0,"Machine":0,"Pid":0,"Increment":0,"CreationTime":"\/Date(0)\/"},"ShipId":413831556,"Latitude":30558150,"Longitude":114609350,"Heading":1000,"Course":28150,"Speed":1548,"Lasttime":1511181036}
20:30:38.229  4 Y - latNew：30548190,lonNew114602652,own:{"Id":{"Timestamp":0,"Machine":0,"Pid":0,"Increment":0,"CreationTime":"\/Date(0)\/"},"ShipId":413831556,"Latitude":30558150,"Longitude":114609350,"Heading":1000,"Course":28150,"Speed":1548,"Lasttime":1511181038}
20:30:40.228  4 Y - latNew：30548050,lonNew114602541,own:{"Id":{"Timestamp":0,"Machine":0,"Pid":0,"Increment":0,"CreationTime":"\/Date(0)\/"},"ShipId":413831556,"Latitude":30558150,"Longitude":114609350,"Heading":1000,"Course":28150,"Speed":1548,"Lasttime":1511181040}
20:30:42.197  4 Y - latNew：30547910,lonNew114602430,own:{"Id":{"Timestamp":0,"Machine":0,"Pid":0,"Increment":0,"CreationTime":"\/Date(0)\/"},"ShipId":413831556,"Latitude":30558150,"Longitude":114609350,"Heading":1000,"Course":28150,"Speed":1548,"Lasttime":1511181042}
20:30:44.226  4 Y - latNew：30547770,lonNew114602317,own:{"Id":{"Timestamp":0,"Machine":0,"Pid":0,"Increment":0,"CreationTime":"\/Date(0)\/"},"ShipId":413831556,"Latitude":30558150,"Longitude":114609350,"Heading":1000,"Course":28150,"Speed":1548,"Lasttime":1511181044}
20:30:46.313  4 Y - latNew：30547629,lonNew114602204,own:{"Id":{"Timestamp":0,"Machine":0,"Pid":0,"Increment":0,"CreationTime":"\/Date(0)\/"},"ShipId":413831556,"Latitude":30558150,"Longitude":114609350,"Heading":1000,"Course":28150,"Speed":1548,"Lasttime":1511181046}
20:30:48.282  4 Y - latNew：30547489,lonNew114602089,own:{"Id":{"Timestamp":0,"Machine":0,"Pid":0,"Increment":0,"CreationTime":"\/Date(0)\/"},"ShipId":413831556,"Latitude":30558150,"Longitude":114609350,"Heading":1000,"Course":28150,"Speed":1548,"Lasttime":1511181048}
20:30:50.231  4 Y - latNew：30547349,lonNew114601974,own:{"Id":{"Timestamp":0,"Machine":0,"Pid":0,"Increment":0,"CreationTime":"\/Date(0)\/"},"ShipId":413831556,"Latitude":30558150,"Longitude":114609350,"Heading":1000,"Course":28150,"Speed":1548,"Lasttime":1511181050}
20:30:52.233  5 Y - latNew：30547209,lonNew114601857,own:{"Id":{"Timestamp":0,"Machine":0,"Pid":0,"Increment":0,"CreationTime":"\/Date(0)\/"},"ShipId":413831556,"Latitude":30558150,"Longitude":114609350,"Heading":1000,"Course":28150,"Speed":1548,"Lasttime":1511181052}
20:30:54.306  4 Y - latNew：30547068,lonNew114601739,own:{"Id":{"Timestamp":0,"Machine":0,"Pid":0,"Increment":0,"CreationTime":"\/Date(0)\/"},"ShipId":413831556,"Latitude":30558150,"Longitude":114609350,"Heading":1000,"Course":28150,"Speed":1548,"Lasttime":1511181054}
20:30:56.294  4 Y - latNew：30546928,lonNew114601619,own:{"Id":{"Timestamp":0,"Machine":0,"Pid":0,"Increment":0,"CreationTime":"\/Date(0)\/"},"ShipId":413831556,"Latitude":30558150,"Longitude":114609350,"Heading":1000,"Course":28150,"Speed":1548,"Lasttime":1511181056}
20:30:58.303  4 Y - latNew：30549991,lonNew114603019,own:{"Id":{"Timestamp":0,"Machine":0,"Pid":0,"Increment":0,"CreationTime":"\/Date(0)\/"},"ShipId":413831556,"Latitude":30558293,"Longitude":114608476,"Heading":1000,"Course":28340,"Speed":1527,"Lasttime":1511181058}
20:31:00.249  4 Y - latNew：30549852,lonNew114602920,own:{"Id":{"Timestamp":0,"Machine":0,"Pid":0,"Increment":0,"CreationTime":"\/Date(0)\/"},"ShipId":413831556,"Latitude":30558293,"Longitude":114608476,"Heading":1000,"Course":28340,"Speed":1527,"Lasttime":1511181060}
20:31:02.245  4 Y - latNew：30549714,lonNew114602820,own:{"Id":{"Timestamp":0,"Machine":0,"Pid":0,"Increment":0,"CreationTime":"\/Date(0)\/"},"ShipId":413831556,"Latitude":30558293,"Longitude":114608476,"Heading":1000,"Course":28340,"Speed":1527,"Lasttime":1511181062}
20:31:04.280  4 Y - latNew：30557594,lonNew114605698,own:{"Id":{"Timestamp":0,"Machine":0,"Pid":0,"Increment":0,"CreationTime":"\/Date(0)\/"},"ShipId":413831556,"Latitude":30558713,"Longitude":114606453,"Heading":1000,"Course":28850,"Speed":1543,"Lasttime":1511181064}
20:31:06.326  4 Y - latNew：30557454,lonNew114605606,own:{"Id":{"Timestamp":0,"Machine":0,"Pid":0,"Increment":0,"CreationTime":"\/Date(0)\/"},"ShipId":413831556,"Latitude":30558713,"Longitude":114606453,"Heading":1000,"Course":28850,"Speed":1543,"Lasttime":1511181066}
20:31:08.219  4 Y - latNew：30557314,lonNew114605514,own:{"Id":{"Timestamp":0,"Machine":0,"Pid":0,"Increment":0,"CreationTime":"\/Date(0)\/"},"ShipId":413831556,"Latitude":30558713,"Longitude":114606453,"Heading":1000,"Course":28850,"Speed":1543,"Lasttime":1511181068}
20:31:10.224  4 Y - latNew：30557175,lonNew114605423,own:{"Id":{"Timestamp":0,"Machine":0,"Pid":0,"Increment":0,"CreationTime":"\/Date(0)\/"},"ShipId":413831556,"Latitude":30558713,"Longitude":114606453,"Heading":1000,"Course":28850,"Speed":1543,"Lasttime":1511181070}
20:31:12.233  4 Y - latNew：30557035,lonNew114605331,own:{"Id":{"Timestamp":0,"Machine":0,"Pid":0,"Increment":0,"CreationTime":"\/Date(0)\/"},"ShipId":413831556,"Latitude":30558713,"Longitude":114606453,"Heading":1000,"Course":28850,"Speed":1543,"Lasttime":1511181072}
20:31:14.225  4 Y - latNew：30556895,lonNew114605240,own:{"Id":{"Timestamp":0,"Machine":0,"Pid":0,"Increment":0,"CreationTime":"\/Date(0)\/"},"ShipId":413831556,"Latitude":30558713,"Longitude":114606453,"Heading":1000,"Course":28850,"Speed":1543,"Lasttime":1511181074}
20:31:16.225  4 Y - latNew：30556755,lonNew114605150,own:{"Id":{"Timestamp":0,"Machine":0,"Pid":0,"Increment":0,"CreationTime":"\/Date(0)\/"},"ShipId":413831556,"Latitude":30558713,"Longitude":114606453,"Heading":1000,"Course":28850,"Speed":1543,"Lasttime":1511181076}
20:31:18.232  4 Y - latNew：30556615,lonNew114605059,own:{"Id":{"Timestamp":0,"Machine":0,"Pid":0,"Increment":0,"CreationTime":"\/Date(0)\/"},"ShipId":413831556,"Latitude":30558713,"Longitude":114606453,"Heading":1000,"Course":28850,"Speed":1543,"Lasttime":1511181078}
20:31:20.471  4 Y - latNew：30556475,lonNew114604969,own:{"Id":{"Timestamp":0,"Machine":0,"Pid":0,"Increment":0,"CreationTime":"\/Date(0)\/"},"ShipId":413831556,"Latitude":30558713,"Longitude":114606453,"Heading":1000,"Course":28850,"Speed":1543,"Lasttime":1511181080}
20:31:22.311  5 Y - latNew：30556336,lonNew114604879,own:{"Id":{"Timestamp":0,"Machine":0,"Pid":0,"Increment":0,"CreationTime":"\/Date(0)\/"},"ShipId":413831556,"Latitude":30558713,"Longitude":114606453,"Heading":1000,"Course":28850,"Speed":1543,"Lasttime":1511181082}
20:31:24.243  4 Y - latNew：30556196,lonNew114604789,own:{"Id":{"Timestamp":0,"Machine":0,"Pid":0,"Increment":0,"CreationTime":"\/Date(0)\/"},"ShipId":413831556,"Latitude":30558713,"Longitude":114606453,"Heading":1000,"Course":28850,"Speed":1543,"Lasttime":1511181084}
20:31:26.253  4 Y - latNew：30556056,lonNew114604700,own:{"Id":{"Timestamp":0,"Machine":0,"Pid":0,"Increment":0,"CreationTime":"\/Date(0)\/"},"ShipId":413831556,"Latitude":30558713,"Longitude":114606453,"Heading":1000,"Course":28850,"Speed":1543,"Lasttime":1511181086}
20:31:28.246  4 Y - latNew：30555916,lonNew114604610,own:{"Id":{"Timestamp":0,"Machine":0,"Pid":0,"Increment":0,"CreationTime":"\/Date(0)\/"},"ShipId":413831556,"Latitude":30558713,"Longitude":114606453,"Heading":1000,"Course":28850,"Speed":1543,"Lasttime":1511181088}
20:31:30.271  4 Y - latNew：30555776,lonNew114604521,own:{"Id":{"Timestamp":0,"Machine":0,"Pid":0,"Increment":0,"CreationTime":"\/Date(0)\/"},"ShipId":413831556,"Latitude":30558713,"Longitude":114606453,"Heading":1000,"Course":28850,"Speed":1543,"Lasttime":1511181090}
20:31:32.249  4 Y - latNew：30555637,lonNew114604432,own:{"Id":{"Timestamp":0,"Machine":0,"Pid":0,"Increment":0,"CreationTime":"\/Date(0)\/"},"ShipId":413831556,"Latitude":30558713,"Longitude":114606453,"Heading":1000,"Course":28850,"Speed":1543,"Lasttime":1511181092}
20:31:34.279  4 Y - latNew：30555497,lonNew114604343,own:{"Id":{"Timestamp":0,"Machine":0,"Pid":0,"Increment":0,"CreationTime":"\/Date(0)\/"},"ShipId":413831556,"Latitude":30558713,"Longitude":114606453,"Heading":1000,"Course":28850,"Speed":1543,"Lasttime":1511181094}
20:31:36.248  4 Y - latNew：30555357,lonNew114604254,own:{"Id":{"Timestamp":0,"Machine":0,"Pid":0,"Increment":0,"CreationTime":"\/Date(0)\/"},"ShipId":413831556,"Latitude":30558713,"Longitude":114606453,"Heading":1000,"Course":28850,"Speed":1543,"Lasttime":1511181096}
20:31:38.253  4 Y - new:{"Id":{"Timestamp":0,"Machine":0,"Pid":0,"Increment":0,"CreationTime":"\/Date(0)\/"},"ShipId":413831556,"Latitude":30558870,"Longitude":114605960,"Heading":1000,"Course":29230,"Speed":1543,"Lasttime":1511181079}
20:31:40.521  4 Y - latNew：30557401,lonNew114604974,own:{"Id":{"Timestamp":0,"Machine":0,"Pid":0,"Increment":0,"CreationTime":"\/Date(0)\/"},"ShipId":413831556,"Latitude":30558870,"Longitude":114605960,"Heading":1000,"Course":29230,"Speed":1543,"Lasttime":1511181100}
20:31:42.323  4 Y - latNew：30557262,lonNew114604883,own:{"Id":{"Timestamp":0,"Machine":0,"Pid":0,"Increment":0,"CreationTime":"\/Date(0)\/"},"ShipId":413831556,"Latitude":30558870,"Longitude":114605960,"Heading":1000,"Course":29230,"Speed":1543,"Lasttime":1511181102}
20:31:44.291  4 Y - latNew：30557122,lonNew114604791,own:{"Id":{"Timestamp":0,"Machine":0,"Pid":0,"Increment":0,"CreationTime":"\/Date(0)\/"},"ShipId":413831556,"Latitude":30558870,"Longitude":114605960,"Heading":1000,"Course":29230,"Speed":1543,"Lasttime":1511181104}
20:31:46.286  4 Y - latNew：30556982,lonNew114604701,own:{"Id":{"Timestamp":0,"Machine":0,"Pid":0,"Increment":0,"CreationTime":"\/Date(0)\/"},"ShipId":413831556,"Latitude":30558870,"Longitude":114605960,"Heading":1000,"Course":29230,"Speed":1543,"Lasttime":1511181106}
20:31:48.251  4 Y - latNew：30556842,lonNew114604610,own:{"Id":{"Timestamp":0,"Machine":0,"Pid":0,"Increment":0,"CreationTime":"\/Date(0)\/"},"ShipId":413831556,"Latitude":30558870,"Longitude":114605960,"Heading":1000,"Course":29230,"Speed":1543,"Lasttime":1511181108}
20:31:50.263  4 Y - latNew：30556702,lonNew114604520,own:{"Id":{"Timestamp":0,"Machine":0,"Pid":0,"Increment":0,"CreationTime":"\/Date(0)\/"},"ShipId":413831556,"Latitude":30558870,"Longitude":114605960,"Heading":1000,"Course":29230,"Speed":1543,"Lasttime":1511181110}
20:31:52.307  5 Y - latNew：30556563,lonNew114604430,own:{"Id":{"Timestamp":0,"Machine":0,"Pid":0,"Increment":0,"CreationTime":"\/Date(0)\/"},"ShipId":413831556,"Latitude":30558870,"Longitude":114605960,"Heading":1000,"Course":29230,"Speed":1543,"Lasttime":1511181112}
20:31:54.324  4 Y - latNew：30556423,lonNew114604340,own:{"Id":{"Timestamp":0,"Machine":0,"Pid":0,"Increment":0,"CreationTime":"\/Date(0)\/"},"ShipId":413831556,"Latitude":30558870,"Longitude":114605960,"Heading":1000,"Course":29230,"Speed":1543,"Lasttime":1511181114}
20:31:56.344  4 Y - latNew：30556283,lonNew114604250,own:{"Id":{"Timestamp":0,"Machine":0,"Pid":0,"Increment":0,"CreationTime":"\/Date(0)\/"},"ShipId":413831556,"Latitude":30558870,"Longitude":114605960,"Heading":1000,"Course":29230,"Speed":1543,"Lasttime":1511181116}
20:31:58.380  4 Y - latNew：30558340,lonNew114605056,own:{"Id":{"Timestamp":0,"Machine":0,"Pid":0,"Increment":0,"CreationTime":"\/Date(0)\/"},"ShipId":413831556,"Latitude":30559040,"Longitude":114605533,"Heading":1000,"Course":29680,"Speed":1543,"Lasttime":1511181118}
20:32:00.310  4 Y - latNew：30558201,lonNew114604962,own:{"Id":{"Timestamp":0,"Machine":0,"Pid":0,"Increment":0,"CreationTime":"\/Date(0)\/"},"ShipId":413831556,"Latitude":30559040,"Longitude":114605533,"Heading":1000,"Course":29680,"Speed":1543,"Lasttime":1511181120}
20:32:02.341  4 Y - latNew：30558061,lonNew114604869,own:{"Id":{"Timestamp":0,"Machine":0,"Pid":0,"Increment":0,"CreationTime":"\/Date(0)\/"},"ShipId":413831556,"Latitude":30559040,"Longitude":114605533,"Heading":1000,"Course":29680,"Speed":1543,"Lasttime":1511181122}
20:32:04.294  4 Y - latNew：30557921,lonNew114604776,own:{"Id":{"Timestamp":0,"Machine":0,"Pid":0,"Increment":0,"CreationTime":"\/Date(0)\/"},"ShipId":413831556,"Latitude":30559040,"Longitude":114605533,"Heading":1000,"Course":29680,"Speed":1543,"Lasttime":1511181124}
20:32:06.287  4 Y - latNew：30557781,lonNew114604684,own:{"Id":{"Timestamp":0,"Machine":0,"Pid":0,"Increment":0,"CreationTime":"\/Date(0)\/"},"ShipId":413831556,"Latitude":30559040,"Longitude":114605533,"Heading":1000,"Course":29680,"Speed":1543,"Lasttime":1511181126}
20:32:08.286  4 Y - latNew：30557641,lonNew114604592,own:{"Id":{"Timestamp":0,"Machine":0,"Pid":0,"Increment":0,"CreationTime":"\/Date(0)\/"},"ShipId":413831556,"Latitude":30559040,"Longitude":114605533,"Heading":1000,"Course":29680,"Speed":1543,"Lasttime":1511181128}
20:32:10.303  4 Y - latNew：30557502,lonNew114604500,own:{"Id":{"Timestamp":0,"Machine":0,"Pid":0,"Increment":0,"CreationTime":"\/Date(0)\/"},"ShipId":413831556,"Latitude":30559040,"Longitude":114605533,"Heading":1000,"Course":29680,"Speed":1543,"Lasttime":1511181130}
20:32:12.282  4 Y - latNew：30557362,lonNew114604408,own:{"Id":{"Timestamp":0,"Machine":0,"Pid":0,"Increment":0,"CreationTime":"\/Date(0)\/"},"ShipId":413831556,"Latitude":30559040,"Longitude":114605533,"Heading":1000,"Course":29680,"Speed":1543,"Lasttime":1511181132}
20:32:14.291  4 Y - latNew：30557222,lonNew114604317,own:{"Id":{"Timestamp":0,"Machine":0,"Pid":0,"Increment":0,"CreationTime":"\/Date(0)\/"},"ShipId":413831556,"Latitude":30559040,"Longitude":114605533,"Heading":1000,"Course":29680,"Speed":1543,"Lasttime":1511181134}
20:32:16.308  4 Y - latNew：30557082,lonNew114604227,own:{"Id":{"Timestamp":0,"Machine":0,"Pid":0,"Increment":0,"CreationTime":"\/Date(0)\/"},"ShipId":413831556,"Latitude":30559040,"Longitude":114605533,"Heading":1000,"Course":29680,"Speed":1543,"Lasttime":1511181136}
20:32:18.286  4 Y - latNew：30556942,lonNew114604136,own:{"Id":{"Timestamp":0,"Machine":0,"Pid":0,"Increment":0,"CreationTime":"\/Date(0)\/"},"ShipId":413831556,"Latitude":30559040,"Longitude":114605533,"Heading":1000,"Course":29680,"Speed":1543,"Lasttime":1511181138}
20:32:20.284  4 Y - latNew：30556802,lonNew114604046,own:{"Id":{"Timestamp":0,"Machine":0,"Pid":0,"Increment":0,"CreationTime":"\/Date(0)\/"},"ShipId":413831556,"Latitude":30559040,"Longitude":114605533,"Heading":1000,"Course":29680,"Speed":1543,"Lasttime":1511181140}
20:32:22.537  5 Y - latNew：30556663,lonNew114603956,own:{"Id":{"Timestamp":0,"Machine":0,"Pid":0,"Increment":0,"CreationTime":"\/Date(0)\/"},"ShipId":413831556,"Latitude":30559040,"Longitude":114605533,"Heading":1000,"Course":29680,"Speed":1543,"Lasttime":1511181142}
20:32:24.289  4 Y - latNew：30556523,lonNew114603866,own:{"Id":{"Timestamp":0,"Machine":0,"Pid":0,"Increment":0,"CreationTime":"\/Date(0)\/"},"ShipId":413831556,"Latitude":30559040,"Longitude":114605533,"Heading":1000,"Course":29680,"Speed":1543,"Lasttime":1511181144}
20:32:26.321  4 Y - latNew：30556383,lonNew114603777,own:{"Id":{"Timestamp":0,"Machine":0,"Pid":0,"Increment":0,"CreationTime":"\/Date(0)\/"},"ShipId":413831556,"Latitude":30559040,"Longitude":114605533,"Heading":1000,"Course":29680,"Speed":1543,"Lasttime":1511181146}
20:32:28.577  4 Y - latNew：30556243,lonNew114603687,own:{"Id":{"Timestamp":0,"Machine":0,"Pid":0,"Increment":0,"CreationTime":"\/Date(0)\/"},"ShipId":413831556,"Latitude":30559040,"Longitude":114605533,"Heading":1000,"Course":29680,"Speed":1543,"Lasttime":1511181148}
20:32:30.366  4 Y - latNew：30556103,lonNew114603598,own:{"Id":{"Timestamp":0,"Machine":0,"Pid":0,"Increment":0,"CreationTime":"\/Date(0)\/"},"ShipId":413831556,"Latitude":30559040,"Longitude":114605533,"Heading":1000,"Course":29680,"Speed":1543,"Lasttime":1511181150}
20:32:32.308  4 Y - latNew：30555964,lonNew114603509,own:{"Id":{"Timestamp":0,"Machine":0,"Pid":0,"Increment":0,"CreationTime":"\/Date(0)\/"},"ShipId":413831556,"Latitude":30559040,"Longitude":114605533,"Heading":1000,"Course":29680,"Speed":1543,"Lasttime":1511181152}
20:32:34.309  4 Y - latNew：30555824,lonNew114603420,own:{"Id":{"Timestamp":0,"Machine":0,"Pid":0,"Increment":0,"CreationTime":"\/Date(0)\/"},"ShipId":413831556,"Latitude":30559040,"Longitude":114605533,"Heading":1000,"Course":29680,"Speed":1543,"Lasttime":1511181154}
20:32:36.311  4 Y - latNew：30555684,lonNew114603331,own:{"Id":{"Timestamp":0,"Machine":0,"Pid":0,"Increment":0,"CreationTime":"\/Date(0)\/"},"ShipId":413831556,"Latitude":30559040,"Longitude":114605533,"Heading":1000,"Course":29680,"Speed":1543,"Lasttime":1511181156}
20:32:38.334  4 Y - latNew：30555544,lonNew114603242,own:{"Id":{"Timestamp":0,"Machine":0,"Pid":0,"Increment":0,"CreationTime":"\/Date(0)\/"},"ShipId":413831556,"Latitude":30559040,"Longitude":114605533,"Heading":1000,"Course":29680,"Speed":1543,"Lasttime":1511181158}
20:32:40.449  4 Y - latNew：30555404,lonNew114603153,own:{"Id":{"Timestamp":0,"Machine":0,"Pid":0,"Increment":0,"CreationTime":"\/Date(0)\/"},"ShipId":413831556,"Latitude":30559040,"Longitude":114605533,"Heading":1000,"Course":29680,"Speed":1543,"Lasttime":1511181160}
20:32:42.392  4 Y - latNew：30555264,lonNew114603064,own:{"Id":{"Timestamp":0,"Machine":0,"Pid":0,"Increment":0,"CreationTime":"\/Date(0)\/"},"ShipId":413831556,"Latitude":30559040,"Longitude":114605533,"Heading":1000,"Course":29680,"Speed":1543,"Lasttime":1511181162}
20:32:44.323  4 Y - latNew：30555125,lonNew114602976,own:{"Id":{"Timestamp":0,"Machine":0,"Pid":0,"Increment":0,"CreationTime":"\/Date(0)\/"},"ShipId":413831556,"Latitude":30559040,"Longitude":114605533,"Heading":1000,"Course":29680,"Speed":1543,"Lasttime":1511181164}
20:32:46.440  4 Y - latNew：30554985,lonNew114602887,own:{"Id":{"Timestamp":0,"Machine":0,"Pid":0,"Increment":0,"CreationTime":"\/Date(0)\/"},"ShipId":413831556,"Latitude":30559040,"Longitude":114605533,"Heading":1000,"Course":29680,"Speed":1543,"Lasttime":1511181166}
20:32:48.592  4 Y - latNew：30554845,lonNew114602798,own:{"Id":{"Timestamp":0,"Machine":0,"Pid":0,"Increment":0,"CreationTime":"\/Date(0)\/"},"ShipId":413831556,"Latitude":30559040,"Longitude":114605533,"Heading":1000,"Course":29680,"Speed":1543,"Lasttime":1511181168}
20:32:50.332  4 Y - latNew：30554705,lonNew114602710,own:{"Id":{"Timestamp":0,"Machine":0,"Pid":0,"Increment":0,"CreationTime":"\/Date(0)\/"},"ShipId":413831556,"Latitude":30559040,"Longitude":114605533,"Heading":1000,"Course":29680,"Speed":1543,"Lasttime":1511181170}
20:32:52.347  4 Y - latNew：30554565,lonNew114602621,own:{"Id":{"Timestamp":0,"Machine":0,"Pid":0,"Increment":0,"CreationTime":"\/Date(0)\/"},"ShipId":413831556,"Latitude":30559040,"Longitude":114605533,"Heading":1000,"Course":29680,"Speed":1543,"Lasttime":1511181172}
20:32:54.340  4 Y - latNew：30554426,lonNew114602532,own:{"Id":{"Timestamp":0,"Machine":0,"Pid":0,"Increment":0,"CreationTime":"\/Date(0)\/"},"ShipId":413831556,"Latitude":30559040,"Longitude":114605533,"Heading":1000,"Course":29680,"Speed":1543,"Lasttime":1511181174}
20:32:56.374  4 Y - latNew：30554286,lonNew114602443,own:{"Id":{"Timestamp":0,"Machine":0,"Pid":0,"Increment":0,"CreationTime":"\/Date(0)\/"},"ShipId":413831556,"Latitude":30559040,"Longitude":114605533,"Heading":1000,"Course":29680,"Speed":1543,"Lasttime":1511181176}
20:32:58.727  4 Y - latNew：30554146,lonNew114602354,own:{"Id":{"Timestamp":0,"Machine":0,"Pid":0,"Increment":0,"CreationTime":"\/Date(0)\/"},"ShipId":413831556,"Latitude":30559040,"Longitude":114605533,"Heading":1000,"Course":29680,"Speed":1543,"Lasttime":1511181178}
20:33:00.357  4 Y - latNew：30554006,lonNew114602264,own:{"Id":{"Timestamp":0,"Machine":0,"Pid":0,"Increment":0,"CreationTime":"\/Date(0)\/"},"ShipId":413831556,"Latitude":30559040,"Longitude":114605533,"Heading":1000,"Course":29680,"Speed":1543,"Lasttime":1511181180}
20:33:02.339  4 Y - latNew：30553866,lonNew114602175,own:{"Id":{"Timestamp":0,"Machine":0,"Pid":0,"Increment":0,"CreationTime":"\/Date(0)\/"},"ShipId":413831556,"Latitude":30559040,"Longitude":114605533,"Heading":1000,"Course":29680,"Speed":1543,"Lasttime":1511181182}
20:33:04.399  4 Y - new:{"Id":{"Timestamp":0,"Machine":0,"Pid":0,"Increment":0,"CreationTime":"\/Date(0)\/"},"ShipId":413831556,"Latitude":30559400,"Longitude":114604693,"Heading":1000,"Course":29740,"Speed":1543,"Lasttime":1511181165}
20:33:06.358  4 Y - latNew：30557931,lonNew114603703,own:{"Id":{"Timestamp":0,"Machine":0,"Pid":0,"Increment":0,"CreationTime":"\/Date(0)\/"},"ShipId":413831556,"Latitude":30559400,"Longitude":114604693,"Heading":1000,"Course":29740,"Speed":1543,"Lasttime":1511181186}
20:33:08.369  4 Y - latNew：30557792,lonNew114603611,own:{"Id":{"Timestamp":0,"Machine":0,"Pid":0,"Increment":0,"CreationTime":"\/Date(0)\/"},"ShipId":413831556,"Latitude":30559400,"Longitude":114604693,"Heading":1000,"Course":29740,"Speed":1543,"Lasttime":1511181188}
20:33:10.402  4 Y - latNew：30557652,lonNew114603520,own:{"Id":{"Timestamp":0,"Machine":0,"Pid":0,"Increment":0,"CreationTime":"\/Date(0)\/"},"ShipId":413831556,"Latitude":30559400,"Longitude":114604693,"Heading":1000,"Course":29740,"Speed":1543,"Lasttime":1511181190}
20:33:12.403  4 Y - latNew：30557512,lonNew114603429,own:{"Id":{"Timestamp":0,"Machine":0,"Pid":0,"Increment":0,"CreationTime":"\/Date(0)\/"},"ShipId":413831556,"Latitude":30559400,"Longitude":114604693,"Heading":1000,"Course":29740,"Speed":1543,"Lasttime":1511181192}
20:33:14.397  4 Y - latNew：30557372,lonNew114603338,own:{"Id":{"Timestamp":0,"Machine":0,"Pid":0,"Increment":0,"CreationTime":"\/Date(0)\/"},"ShipId":413831556,"Latitude":30559400,"Longitude":114604693,"Heading":1000,"Course":29740,"Speed":1543,"Lasttime":1511181194}
20:33:16.453  4 Y - latNew：30557232,lonNew114603247,own:{"Id":{"Timestamp":0,"Machine":0,"Pid":0,"Increment":0,"CreationTime":"\/Date(0)\/"},"ShipId":413831556,"Latitude":30559400,"Longitude":114604693,"Heading":1000,"Course":29740,"Speed":1543,"Lasttime":1511181196}
20:33:18.395  4 Y - latNew：30557093,lonNew114603157,own:{"Id":{"Timestamp":0,"Machine":0,"Pid":0,"Increment":0,"CreationTime":"\/Date(0)\/"},"ShipId":413831556,"Latitude":30559400,"Longitude":114604693,"Heading":1000,"Course":29740,"Speed":1543,"Lasttime":1511181198}
20:33:20.422  4 Y - latNew：30556953,lonNew114603067,own:{"Id":{"Timestamp":0,"Machine":0,"Pid":0,"Increment":0,"CreationTime":"\/Date(0)\/"},"ShipId":413831556,"Latitude":30559400,"Longitude":114604693,"Heading":1000,"Course":29740,"Speed":1543,"Lasttime":1511181200}
20:33:22.394  4 Y - latNew：30556813,lonNew114602977,own:{"Id":{"Timestamp":0,"Machine":0,"Pid":0,"Increment":0,"CreationTime":"\/Date(0)\/"},"ShipId":413831556,"Latitude":30559400,"Longitude":114604693,"Heading":1000,"Course":29740,"Speed":1543,"Lasttime":1511181202}
20:33:24.631  4 Y - latNew：30556673,lonNew114602888,own:{"Id":{"Timestamp":0,"Machine":0,"Pid":0,"Increment":0,"CreationTime":"\/Date(0)\/"},"ShipId":413831556,"Latitude":30559400,"Longitude":114604693,"Heading":1000,"Course":29740,"Speed":1543,"Lasttime":1511181204}
20:33:26.434  4 Y - latNew：30558897,lonNew114603757,own:{"Id":{"Timestamp":0,"Machine":0,"Pid":0,"Increment":0,"CreationTime":"\/Date(0)\/"},"ShipId":413831556,"Latitude":30559620,"Longitude":114604253,"Heading":1000,"Course":30120,"Speed":1595,"Lasttime":1511181206}
20:33:28.437  4 Y - latNew：30558752,lonNew114603660,own:{"Id":{"Timestamp":0,"Machine":0,"Pid":0,"Increment":0,"CreationTime":"\/Date(0)\/"},"ShipId":413831556,"Latitude":30559620,"Longitude":114604253,"Heading":1000,"Course":30120,"Speed":1595,"Lasttime":1511181208}
20:33:30.404  4 Y - latNew：30558608,lonNew114603563,own:{"Id":{"Timestamp":0,"Machine":0,"Pid":0,"Increment":0,"CreationTime":"\/Date(0)\/"},"ShipId":413831556,"Latitude":30559620,"Longitude":114604253,"Heading":1000,"Course":30120,"Speed":1595,"Lasttime":1511181210}
20:33:32.420  4 Y - latNew：30558463,lonNew114603467,own:{"Id":{"Timestamp":0,"Machine":0,"Pid":0,"Increment":0,"CreationTime":"\/Date(0)\/"},"ShipId":413831556,"Latitude":30559620,"Longitude":114604253,"Heading":1000,"Course":30120,"Speed":1595,"Lasttime":1511181212}
20:33:34.448  4 Y - latNew：30558319,lonNew114603371,own:{"Id":{"Timestamp":0,"Machine":0,"Pid":0,"Increment":0,"CreationTime":"\/Date(0)\/"},"ShipId":413831556,"Latitude":30559620,"Longitude":114604253,"Heading":1000,"Course":30120,"Speed":1595,"Lasttime":1511181214}
20:33:36.396  4 Y - latNew：30558174,lonNew114603276,own:{"Id":{"Timestamp":0,"Machine":0,"Pid":0,"Increment":0,"CreationTime":"\/Date(0)\/"},"ShipId":413831556,"Latitude":30559620,"Longitude":114604253,"Heading":1000,"Course":30120,"Speed":1595,"Lasttime":1511181216}
20:33:38.407  4 Y - latNew：30558030,lonNew114603181,own:{"Id":{"Timestamp":0,"Machine":0,"Pid":0,"Increment":0,"CreationTime":"\/Date(0)\/"},"ShipId":413831556,"Latitude":30559620,"Longitude":114604253,"Heading":1000,"Course":30120,"Speed":1595,"Lasttime":1511181218}
20:33:40.466  4 Y - latNew：30557885,lonNew114603086,own:{"Id":{"Timestamp":0,"Machine":0,"Pid":0,"Increment":0,"CreationTime":"\/Date(0)\/"},"ShipId":413831556,"Latitude":30559620,"Longitude":114604253,"Heading":1000,"Course":30120,"Speed":1595,"Lasttime":1511181220}
20:33:42.418  4 Y - latNew：30557741,lonNew114602992,own:{"Id":{"Timestamp":0,"Machine":0,"Pid":0,"Increment":0,"CreationTime":"\/Date(0)\/"},"ShipId":413831556,"Latitude":30559620,"Longitude":114604253,"Heading":1000,"Course":30120,"Speed":1595,"Lasttime":1511181222}
20:33:44.434  4 Y - latNew：30557596,lonNew114602898,own:{"Id":{"Timestamp":0,"Machine":0,"Pid":0,"Increment":0,"CreationTime":"\/Date(0)\/"},"ShipId":413831556,"Latitude":30559620,"Longitude":114604253,"Heading":1000,"Course":30120,"Speed":1595,"Lasttime":1511181224}
20:33:46.422  4 Y - latNew：30557452,lonNew114602805,own:{"Id":{"Timestamp":0,"Machine":0,"Pid":0,"Increment":0,"CreationTime":"\/Date(0)\/"},"ShipId":413831556,"Latitude":30559620,"Longitude":114604253,"Heading":1000,"Course":30120,"Speed":1595,"Lasttime":1511181226}
20:33:48.447  4 Y - latNew：30557307,lonNew114602711,own:{"Id":{"Timestamp":0,"Machine":0,"Pid":0,"Increment":0,"CreationTime":"\/Date(0)\/"},"ShipId":413831556,"Latitude":30559620,"Longitude":114604253,"Heading":1000,"Course":30120,"Speed":1595,"Lasttime":1511181228}
20:33:50.421  4 Y - latNew：30557163,lonNew114602618,own:{"Id":{"Timestamp":0,"Machine":0,"Pid":0,"Increment":0,"CreationTime":"\/Date(0)\/"},"ShipId":413831556,"Latitude":30559620,"Longitude":114604253,"Heading":1000,"Course":30120,"Speed":1595,"Lasttime":1511181230}
20:33:52.426  4 Y - latNew：30557018,lonNew114602525,own:{"Id":{"Timestamp":0,"Machine":0,"Pid":0,"Increment":0,"CreationTime":"\/Date(0)\/"},"ShipId":413831556,"Latitude":30559620,"Longitude":114604253,"Heading":1000,"Course":30120,"Speed":1595,"Lasttime":1511181232}
20:33:54.545  4 Y - latNew：30556873,lonNew114602433,own:{"Id":{"Timestamp":0,"Machine":0,"Pid":0,"Increment":0,"CreationTime":"\/Date(0)\/"},"ShipId":413831556,"Latitude":30559620,"Longitude":114604253,"Heading":1000,"Course":30120,"Speed":1595,"Lasttime":1511181234}
20:33:56.528  4 Y - latNew：30556729,lonNew114602341,own:{"Id":{"Timestamp":0,"Machine":0,"Pid":0,"Increment":0,"CreationTime":"\/Date(0)\/"},"ShipId":413831556,"Latitude":30559620,"Longitude":114604253,"Heading":1000,"Course":30120,"Speed":1595,"Lasttime":1511181236}
20:33:58.454  4 Y - latNew：30556584,lonNew114602248,own:{"Id":{"Timestamp":0,"Machine":0,"Pid":0,"Increment":0,"CreationTime":"\/Date(0)\/"},"ShipId":413831556,"Latitude":30559620,"Longitude":114604253,"Heading":1000,"Course":30120,"Speed":1595,"Lasttime":1511181238}
20:34:00.453  4 Y - latNew：30558864,lonNew114603158,own:{"Id":{"Timestamp":0,"Machine":0,"Pid":0,"Increment":0,"CreationTime":"\/Date(0)\/"},"ShipId":413831556,"Latitude":30559843,"Longitude":114603827,"Heading":1000,"Course":30000,"Speed":1543,"Lasttime":1511181240}
20:34:02.489  4 Y - latNew：30558724,lonNew114603064,own:{"Id":{"Timestamp":0,"Machine":0,"Pid":0,"Increment":0,"CreationTime":"\/Date(0)\/"},"ShipId":413831556,"Latitude":30559843,"Longitude":114603827,"Heading":1000,"Course":30000,"Speed":1543,"Lasttime":1511181242}
20:34:04.562  4 Y - latNew：30558584,lonNew114602971,own:{"Id":{"Timestamp":0,"Machine":0,"Pid":0,"Increment":0,"CreationTime":"\/Date(0)\/"},"ShipId":413831556,"Latitude":30559843,"Longitude":114603827,"Heading":1000,"Course":30000,"Speed":1543,"Lasttime":1511181244}
20:34:06.445  4 Y - latNew：30558444,lonNew114602879,own:{"Id":{"Timestamp":0,"Machine":0,"Pid":0,"Increment":0,"CreationTime":"\/Date(0)\/"},"ShipId":413831556,"Latitude":30559843,"Longitude":114603827,"Heading":1000,"Course":30000,"Speed":1543,"Lasttime":1511181246}
20:34:08.445  4 Y - latNew：30558305,lonNew114602787,own:{"Id":{"Timestamp":0,"Machine":0,"Pid":0,"Increment":0,"CreationTime":"\/Date(0)\/"},"ShipId":413831556,"Latitude":30559843,"Longitude":114603827,"Heading":1000,"Course":30000,"Speed":1543,"Lasttime":1511181248}
20:34:10.600  4 Y - latNew：30558165,lonNew114602695,own:{"Id":{"Timestamp":0,"Machine":0,"Pid":0,"Increment":0,"CreationTime":"\/Date(0)\/"},"ShipId":413831556,"Latitude":30559843,"Longitude":114603827,"Heading":1000,"Course":30000,"Speed":1543,"Lasttime":1511181250}
20:34:12.452  4 Y - latNew：30558025,lonNew114602604,own:{"Id":{"Timestamp":0,"Machine":0,"Pid":0,"Increment":0,"CreationTime":"\/Date(0)\/"},"ShipId":413831556,"Latitude":30559843,"Longitude":114603827,"Heading":1000,"Course":30000,"Speed":1543,"Lasttime":1511181252}
20:34:14.461  4 Y - latNew：30557885,lonNew114602513,own:{"Id":{"Timestamp":0,"Machine":0,"Pid":0,"Increment":0,"CreationTime":"\/Date(0)\/"},"ShipId":413831556,"Latitude":30559843,"Longitude":114603827,"Heading":1000,"Course":30000,"Speed":1543,"Lasttime":1511181254}
20:34:16.461  4 Y - latNew：30557745,lonNew114602422,own:{"Id":{"Timestamp":0,"Machine":0,"Pid":0,"Increment":0,"CreationTime":"\/Date(0)\/"},"ShipId":413831556,"Latitude":30559843,"Longitude":114603827,"Heading":1000,"Course":30000,"Speed":1543,"Lasttime":1511181256}
20:34:18.484  4 Y - latNew：30557605,lonNew114602331,own:{"Id":{"Timestamp":0,"Machine":0,"Pid":0,"Increment":0,"CreationTime":"\/Date(0)\/"},"ShipId":413831556,"Latitude":30559843,"Longitude":114603827,"Heading":1000,"Course":30000,"Speed":1543,"Lasttime":1511181258}
20:34:20.463  4 Y - latNew：30557466,lonNew114602241,own:{"Id":{"Timestamp":0,"Machine":0,"Pid":0,"Increment":0,"CreationTime":"\/Date(0)\/"},"ShipId":413831556,"Latitude":30559843,"Longitude":114603827,"Heading":1000,"Course":30000,"Speed":1543,"Lasttime":1511181260}
20:34:22.471  4 Y - latNew：30557326,lonNew114602151,own:{"Id":{"Timestamp":0,"Machine":0,"Pid":0,"Increment":0,"CreationTime":"\/Date(0)\/"},"ShipId":413831556,"Latitude":30559843,"Longitude":114603827,"Heading":1000,"Course":30000,"Speed":1543,"Lasttime":1511181262}
20:34:24.483  4 Y - latNew：30557186,lonNew114602062,own:{"Id":{"Timestamp":0,"Machine":0,"Pid":0,"Increment":0,"CreationTime":"\/Date(0)\/"},"ShipId":413831556,"Latitude":30559843,"Longitude":114603827,"Heading":1000,"Course":30000,"Speed":1543,"Lasttime":1511181264}
20:34:26.545  4 Y - latNew：30557046,lonNew114601972,own:{"Id":{"Timestamp":0,"Machine":0,"Pid":0,"Increment":0,"CreationTime":"\/Date(0)\/"},"ShipId":413831556,"Latitude":30559843,"Longitude":114603827,"Heading":1000,"Course":30000,"Speed":1543,"Lasttime":1511181266}
20:34:28.481  4 Y - latNew：30556906,lonNew114601883,own:{"Id":{"Timestamp":0,"Machine":0,"Pid":0,"Increment":0,"CreationTime":"\/Date(0)\/"},"ShipId":413831556,"Latitude":30559843,"Longitude":114603827,"Heading":1000,"Course":30000,"Speed":1543,"Lasttime":1511181268}
20:34:30.502  4 Y - latNew：30556767,lonNew114601794,own:{"Id":{"Timestamp":0,"Machine":0,"Pid":0,"Increment":0,"CreationTime":"\/Date(0)\/"},"ShipId":413831556,"Latitude":30559843,"Longitude":114603827,"Heading":1000,"Course":30000,"Speed":1543,"Lasttime":1511181270}
20:34:32.507  4 Y - latNew：30556627,lonNew114601705,own:{"Id":{"Timestamp":0,"Machine":0,"Pid":0,"Increment":0,"CreationTime":"\/Date(0)\/"},"ShipId":413831556,"Latitude":30559843,"Longitude":114603827,"Heading":1000,"Course":30000,"Speed":1543,"Lasttime":1511181272}
20:34:34.495  4 Y - latNew：30556487,lonNew114601616,own:{"Id":{"Timestamp":0,"Machine":0,"Pid":0,"Increment":0,"CreationTime":"\/Date(0)\/"},"ShipId":413831556,"Latitude":30559843,"Longitude":114603827,"Heading":1000,"Course":30000,"Speed":1543,"Lasttime":1511181274}
20:34:36.533  4 Y - latNew：30556347,lonNew114601527,own:{"Id":{"Timestamp":0,"Machine":0,"Pid":0,"Increment":0,"CreationTime":"\/Date(0)\/"},"ShipId":413831556,"Latitude":30559843,"Longitude":114603827,"Heading":1000,"Course":30000,"Speed":1543,"Lasttime":1511181276}
20:34:38.492  4 Y - latNew：30556207,lonNew114601439,own:{"Id":{"Timestamp":0,"Machine":0,"Pid":0,"Increment":0,"CreationTime":"\/Date(0)\/"},"ShipId":413831556,"Latitude":30559843,"Longitude":114603827,"Heading":1000,"Course":30000,"Speed":1543,"Lasttime":1511181278}
20:34:40.491  4 Y - latNew：30556067,lonNew114601350,own:{"Id":{"Timestamp":0,"Machine":0,"Pid":0,"Increment":0,"CreationTime":"\/Date(0)\/"},"ShipId":413831556,"Latitude":30559843,"Longitude":114603827,"Heading":1000,"Course":30000,"Speed":1543,"Lasttime":1511181280}
20:34:42.491  4 Y - latNew：30555928,lonNew114601262,own:{"Id":{"Timestamp":0,"Machine":0,"Pid":0,"Increment":0,"CreationTime":"\/Date(0)\/"},"ShipId":413831556,"Latitude":30559843,"Longitude":114603827,"Heading":1000,"Course":30000,"Speed":1543,"Lasttime":1511181282}
20:34:44.524  4 Y - latNew：30555788,lonNew114601173,own:{"Id":{"Timestamp":0,"Machine":0,"Pid":0,"Increment":0,"CreationTime":"\/Date(0)\/"},"ShipId":413831556,"Latitude":30559843,"Longitude":114603827,"Heading":1000,"Course":30000,"Speed":1543,"Lasttime":1511181284}
20:34:46.506  4 Y - latNew：30555648,lonNew114601085,own:{"Id":{"Timestamp":0,"Machine":0,"Pid":0,"Increment":0,"CreationTime":"\/Date(0)\/"},"ShipId":413831556,"Latitude":30559843,"Longitude":114603827,"Heading":1000,"Course":30000,"Speed":1543,"Lasttime":1511181286}
20:34:48.594  4 Y - latNew：30555508,lonNew114600996,own:{"Id":{"Timestamp":0,"Machine":0,"Pid":0,"Increment":0,"CreationTime":"\/Date(0)\/"},"ShipId":413831556,"Latitude":30559843,"Longitude":114603827,"Heading":1000,"Course":30000,"Speed":1543,"Lasttime":1511181288}
20:34:50.547  4 Y - latNew：30555368,lonNew114600908,own:{"Id":{"Timestamp":0,"Machine":0,"Pid":0,"Increment":0,"CreationTime":"\/Date(0)\/"},"ShipId":413831556,"Latitude":30559843,"Longitude":114603827,"Heading":1000,"Course":30000,"Speed":1543,"Lasttime":1511181290}
20:34:52.513  4 Y - latNew：30555229,lonNew114600819,own:{"Id":{"Timestamp":0,"Machine":0,"Pid":0,"Increment":0,"CreationTime":"\/Date(0)\/"},"ShipId":413831556,"Latitude":30559843,"Longitude":114603827,"Heading":1000,"Course":30000,"Speed":1543,"Lasttime":1511181292}
20:34:54.593  4 Y - latNew：30555089,lonNew114600731,own:{"Id":{"Timestamp":0,"Machine":0,"Pid":0,"Increment":0,"CreationTime":"\/Date(0)\/"},"ShipId":413831556,"Latitude":30559843,"Longitude":114603827,"Heading":1000,"Course":30000,"Speed":1543,"Lasttime":1511181294}
20:34:56.590  4 Y - latNew：30554949,lonNew114600642,own:{"Id":{"Timestamp":0,"Machine":0,"Pid":0,"Increment":0,"CreationTime":"\/Date(0)\/"},"ShipId":413831556,"Latitude":30559843,"Longitude":114603827,"Heading":1000,"Course":30000,"Speed":1543,"Lasttime":1511181296}
20:34:58.527  4 Y - latNew：30554809,lonNew114600553,own:{"Id":{"Timestamp":0,"Machine":0,"Pid":0,"Increment":0,"CreationTime":"\/Date(0)\/"},"ShipId":413831556,"Latitude":30559843,"Longitude":114603827,"Heading":1000,"Course":30000,"Speed":1543,"Lasttime":1511181298}
20:35:01.327  4 Y - latNew：30554599,lonNew114600420,own:{"Id":{"Timestamp":0,"Machine":0,"Pid":0,"Increment":0,"CreationTime":"\/Date(0)\/"},"ShipId":413831556,"Latitude":30559843,"Longitude":114603827,"Heading":1000,"Course":30000,"Speed":1543,"Lasttime":1511181301}
20:35:02.965  4 Y - latNew：30554530,lonNew114600375,own:{"Id":{"Timestamp":0,"Machine":0,"Pid":0,"Increment":0,"CreationTime":"\/Date(0)\/"},"ShipId":413831556,"Latitude":30559843,"Longitude":114603827,"Heading":1000,"Course":30000,"Speed":1543,"Lasttime":1511181302}
20:35:04.875  4 Y - latNew：30554390,lonNew114600286,own:{"Id":{"Timestamp":0,"Machine":0,"Pid":0,"Increment":0,"CreationTime":"\/Date(0)\/"},"ShipId":413831556,"Latitude":30559843,"Longitude":114603827,"Heading":1000,"Course":30000,"Speed":1543,"Lasttime":1511181304}
20:35:06.521  4 Y - latNew：30554250,lonNew114600197,own:{"Id":{"Timestamp":0,"Machine":0,"Pid":0,"Increment":0,"CreationTime":"\/Date(0)\/"},"ShipId":413831556,"Latitude":30559843,"Longitude":114603827,"Heading":1000,"Course":30000,"Speed":1543,"Lasttime":1511181306}
20:35:08.549  4 Y - latNew：30554110,lonNew114600107,own:{"Id":{"Timestamp":0,"Machine":0,"Pid":0,"Increment":0,"CreationTime":"\/Date(0)\/"},"ShipId":413831556,"Latitude":30559843,"Longitude":114603827,"Heading":1000,"Course":30000,"Speed":1543,"Lasttime":1511181308}
20:35:10.566  4 Y - latNew：30553970,lonNew114600018,own:{"Id":{"Timestamp":0,"Machine":0,"Pid":0,"Increment":0,"CreationTime":"\/Date(0)\/"},"ShipId":413831556,"Latitude":30559843,"Longitude":114603827,"Heading":1000,"Course":30000,"Speed":1543,"Lasttime":1511181310}
20:35:12.524  4 Y - latNew：30553830,lonNew114599928,own:{"Id":{"Timestamp":0,"Machine":0,"Pid":0,"Increment":0,"CreationTime":"\/Date(0)\/"},"ShipId":413831556,"Latitude":30559843,"Longitude":114603827,"Heading":1000,"Course":30000,"Speed":1543,"Lasttime":1511181312}
20:35:14.538  4 Y - latNew：30553691,lonNew114599838,own:{"Id":{"Timestamp":0,"Machine":0,"Pid":0,"Increment":0,"CreationTime":"\/Date(0)\/"},"ShipId":413831556,"Latitude":30559843,"Longitude":114603827,"Heading":1000,"Course":30000,"Speed":1543,"Lasttime":1511181314}
 20:35:48.639 14 Y - new:{"Id":{"Timestamp":0,"Machine":0,"Pid":0,"Increment":0,"CreationTime":"\/Date(0)\/"},"ShipId":413831556,"Latitude":30560570,"Longitude":114602547,"Heading":1000,"Course":30250,"Speed":1595,"Lasttime":1511181318}
20:35:50.183  4 Y - latNew：30558257,lonNew114600994,own:{"Id":{"Timestamp":0,"Machine":0,"Pid":0,"Increment":0,"CreationTime":"\/Date(0)\/"},"ShipId":413831556,"Latitude":30560570,"Longitude":114602547,"Heading":1000,"Course":30250,"Speed":1595,"Lasttime":1511181350}
 
#Software: GetSingleShipInfo
#ProcessID: 27492 x64
#AppDomain: GetSingleShipInfo.exe
#FileName: D:\Code\Fuya\GetSingleShipInfo\bin\Debug\GetSingleShipInfo.exe
#BaseDirectory: D:\Code\Fuya\GetSingleShipInfo\bin\Debug\
#ApplicationType: WinForm
#CLR: 4.0.30319.42000
#OS: Windows 8 x64, afei/AFEI
#CPU: Intel(R) Core(TM) i7-6820HQ CPU @ 2.70GHz 2.71GHz 
#Memory: 7,238M/15,834M
#Date: 2017-11-20
#字段: 时间 线程ID 线程池Y网页W普通N 线程名 消息内容
#Fields: Time ThreadID IsPoolThread ThreadName Message
20:35:55.244  4 Y - DotNet.Utilities.Common v1.0.0.0       Build 2000-01-01
20:35:55.480  4 Y - GetSingleShipInfo v1.0.0.0       Build 2000-01-01
20:35:55.480  4 Y - latNew：30557896,lonNew114600761,own:{"Id":{"Timestamp":0,"Machine":0,"Pid":0,"Increment":0,"CreationTime":"\/Date(0)\/"},"ShipId":413831556,"Latitude":30560570,"Longitude":114602547,"Heading":1000,"Course":30250,"Speed":1595,"Lasttime":1511181355}
20:35:56.667  4 Y - latNew：30557823,lonNew114600715,own:{"Id":{"Timestamp":0,"Machine":0,"Pid":0,"Increment":0,"CreationTime":"\/Date(0)\/"},"ShipId":413831556,"Latitude":30560570,"Longitude":114602547,"Heading":1000,"Course":30250,"Speed":1595,"Lasttime":1511181356}
20:35:59.536  4 Y - new:{"Id":{"Timestamp":0,"Machine":0,"Pid":0,"Increment":0,"CreationTime":"\/Date(0)\/"},"ShipId":413831556,"Latitude":30560820,"Longitude":114602120,"Heading":1000,"Course":30080,"Speed":1595,"Lasttime":1511181348}
20:36:00.689  4 Y - latNew：30559952,lonNew114601520,own:{"Id":{"Timestamp":0,"Machine":0,"Pid":0,"Increment":0,"CreationTime":"\/Date(0)\/"},"ShipId":413831556,"Latitude":30560820,"Longitude":114602120,"Heading":1000,"Course":30080,"Speed":1595,"Lasttime":1511181360}
 20:36:20.354  4 Y - latNew：30558507,lonNew114600564,own:{"Id":{"Timestamp":0,"Machine":0,"Pid":0,"Increment":0,"CreationTime":"\/Date(0)\/"},"ShipId":413831556,"Latitude":30560820,"Longitude":114602120,"Heading":1000,"Course":30080,"Speed":1595,"Lasttime":1511181380}
20:36:20.359 10 Y - latNew：30558507,lonNew114600564,own:{"Id":{"Timestamp":0,"Machine":0,"Pid":0,"Increment":0,"CreationTime":"\/Date(0)\/"},"ShipId":413831556,"Latitude":30560820,"Longitude":114602120,"Heading":1000,"Course":30080,"Speed":1595,"Lasttime":1511181380}
20:36:20.406 15 Y - latNew：30558507,lonNew114600564,own:{"Id":{"Timestamp":0,"Machine":0,"Pid":0,"Increment":0,"CreationTime":"\/Date(0)\/"},"ShipId":413831556,"Latitude":30560820,"Longitude":114602120,"Heading":1000,"Course":30080,"Speed":1595,"Lasttime":1511181380}
20:36:20.435 16 Y - latNew：30558507,lonNew114600564,own:{"Id":{"Timestamp":0,"Machine":0,"Pid":0,"Increment":0,"CreationTime":"\/Date(0)\/"},"ShipId":413831556,"Latitude":30560820,"Longitude":114602120,"Heading":1000,"Course":30080,"Speed":1595,"Lasttime":1511181380}
20:36:20.490  5 Y - latNew：30558507,lonNew114600564,own:{"Id":{"Timestamp":0,"Machine":0,"Pid":0,"Increment":0,"CreationTime":"\/Date(0)\/"},"ShipId":413831556,"Latitude":30560820,"Longitude":114602120,"Heading":1000,"Course":30080,"Speed":1595,"Lasttime":1511181380}
20:36:22.441  4 Y - latNew：30558363,lonNew114600471,own:{"Id":{"Timestamp":0,"Machine":0,"Pid":0,"Increment":0,"CreationTime":"\/Date(0)\/"},"ShipId":413831556,"Latitude":30560820,"Longitude":114602120,"Heading":1000,"Course":30080,"Speed":1595,"Lasttime":1511181382}
20:36:24.447  4 Y - latNew：30558218,lonNew114600378,own:{"Id":{"Timestamp":0,"Machine":0,"Pid":0,"Increment":0,"CreationTime":"\/Date(0)\/"},"ShipId":413831556,"Latitude":30560820,"Longitude":114602120,"Heading":1000,"Course":30080,"Speed":1595,"Lasttime":1511181384}
20:36:26.455  4 Y - latNew：30558073,lonNew114600285,own:{"Id":{"Timestamp":0,"Machine":0,"Pid":0,"Increment":0,"CreationTime":"\/Date(0)\/"},"ShipId":413831556,"Latitude":30560820,"Longitude":114602120,"Heading":1000,"Course":30080,"Speed":1595,"Lasttime":1511181386}
20:36:28.458  4 Y - latNew：30557929,lonNew114600192,own:{"Id":{"Timestamp":0,"Machine":0,"Pid":0,"Increment":0,"CreationTime":"\/Date(0)\/"},"ShipId":413831556,"Latitude":30560820,"Longitude":114602120,"Heading":1000,"Course":30080,"Speed":1595,"Lasttime":1511181388}
20:36:30.781  4 Y - latNew：30557784,lonNew114600100,own:{"Id":{"Timestamp":0,"Machine":0,"Pid":0,"Increment":0,"CreationTime":"\/Date(0)\/"},"ShipId":413831556,"Latitude":30560820,"Longitude":114602120,"Heading":1000,"Course":30080,"Speed":1595,"Lasttime":1511181390}
20:36:32.507  4 Y - latNew：30557640,lonNew114600008,own:{"Id":{"Timestamp":0,"Machine":0,"Pid":0,"Increment":0,"CreationTime":"\/Date(0)\/"},"ShipId":413831556,"Latitude":30560820,"Longitude":114602120,"Heading":1000,"Course":30080,"Speed":1595,"Lasttime":1511181392}
20:36:34.467  4 Y - latNew：30557495,lonNew114599916,own:{"Id":{"Timestamp":0,"Machine":0,"Pid":0,"Increment":0,"CreationTime":"\/Date(0)\/"},"ShipId":413831556,"Latitude":30560820,"Longitude":114602120,"Heading":1000,"Course":30080,"Speed":1595,"Lasttime":1511181394}
20:36:36.496  4 Y - latNew：30557351,lonNew114599825,own:{"Id":{"Timestamp":0,"Machine":0,"Pid":0,"Increment":0,"CreationTime":"\/Date(0)\/"},"ShipId":413831556,"Latitude":30560820,"Longitude":114602120,"Heading":1000,"Course":30080,"Speed":1595,"Lasttime":1511181396}
20:36:38.602  4 Y - latNew：30557206,lonNew114599733,own:{"Id":{"Timestamp":0,"Machine":0,"Pid":0,"Increment":0,"CreationTime":"\/Date(0)\/"},"ShipId":413831556,"Latitude":30560820,"Longitude":114602120,"Heading":1000,"Course":30080,"Speed":1595,"Lasttime":1511181398}
20:36:40.595  4 Y - latNew：30557062,lonNew114599642,own:{"Id":{"Timestamp":0,"Machine":0,"Pid":0,"Increment":0,"CreationTime":"\/Date(0)\/"},"ShipId":413831556,"Latitude":30560820,"Longitude":114602120,"Heading":1000,"Course":30080,"Speed":1595,"Lasttime":1511181400}
20:36:42.540  4 Y - latNew：30556917,lonNew114599550,own:{"Id":{"Timestamp":0,"Machine":0,"Pid":0,"Increment":0,"CreationTime":"\/Date(0)\/"},"ShipId":413831556,"Latitude":30560820,"Longitude":114602120,"Heading":1000,"Course":30080,"Speed":1595,"Lasttime":1511181402}
20:36:44.498  4 Y - latNew：30556773,lonNew114599459,own:{"Id":{"Timestamp":0,"Machine":0,"Pid":0,"Increment":0,"CreationTime":"\/Date(0)\/"},"ShipId":413831556,"Latitude":30560820,"Longitude":114602120,"Heading":1000,"Course":30080,"Speed":1595,"Lasttime":1511181404}
20:36:46.474  4 Y - latNew：30556628,lonNew114599368,own:{"Id":{"Timestamp":0,"Machine":0,"Pid":0,"Increment":0,"CreationTime":"\/Date(0)\/"},"ShipId":413831556,"Latitude":30560820,"Longitude":114602120,"Heading":1000,"Course":30080,"Speed":1595,"Lasttime":1511181406}
20:36:48.516  4 Y - latNew：30556484,lonNew114599277,own:{"Id":{"Timestamp":0,"Machine":0,"Pid":0,"Increment":0,"CreationTime":"\/Date(0)\/"},"ShipId":413831556,"Latitude":30560820,"Longitude":114602120,"Heading":1000,"Course":30080,"Speed":1595,"Lasttime":1511181408}
20:36:50.470  4 Y - latNew：30556339,lonNew114599186,own:{"Id":{"Timestamp":0,"Machine":0,"Pid":0,"Increment":0,"CreationTime":"\/Date(0)\/"},"ShipId":413831556,"Latitude":30560820,"Longitude":114602120,"Heading":1000,"Course":30080,"Speed":1595,"Lasttime":1511181410}
20:36:52.477  4 Y - latNew：30556195,lonNew114599095,own:{"Id":{"Timestamp":0,"Machine":0,"Pid":0,"Increment":0,"CreationTime":"\/Date(0)\/"},"ShipId":413831556,"Latitude":30560820,"Longitude":114602120,"Heading":1000,"Course":30080,"Speed":1595,"Lasttime":1511181412}
20:36:54.506  4 Y - latNew：30556050,lonNew114599004,own:{"Id":{"Timestamp":0,"Machine":0,"Pid":0,"Increment":0,"CreationTime":"\/Date(0)\/"},"ShipId":413831556,"Latitude":30560820,"Longitude":114602120,"Heading":1000,"Course":30080,"Speed":1595,"Lasttime":1511181414}
20:36:56.489  4 Y - latNew：30555906,lonNew114598913,own:{"Id":{"Timestamp":0,"Machine":0,"Pid":0,"Increment":0,"CreationTime":"\/Date(0)\/"},"ShipId":413831556,"Latitude":30560820,"Longitude":114602120,"Heading":1000,"Course":30080,"Speed":1595,"Lasttime":1511181416}
20:36:58.520  4 Y - latNew：30555761,lonNew114598822,own:{"Id":{"Timestamp":0,"Machine":0,"Pid":0,"Increment":0,"CreationTime":"\/Date(0)\/"},"ShipId":413831556,"Latitude":30560820,"Longitude":114602120,"Heading":1000,"Course":30080,"Speed":1595,"Lasttime":1511181418}
20:37:00.530  4 Y - latNew：30555617,lonNew114598730,own:{"Id":{"Timestamp":0,"Machine":0,"Pid":0,"Increment":0,"CreationTime":"\/Date(0)\/"},"ShipId":413831556,"Latitude":30560820,"Longitude":114602120,"Heading":1000,"Course":30080,"Speed":1595,"Lasttime":1511181420}
20:37:02.520  4 Y - latNew：30555472,lonNew114598639,own:{"Id":{"Timestamp":0,"Machine":0,"Pid":0,"Increment":0,"CreationTime":"\/Date(0)\/"},"ShipId":413831556,"Latitude":30560820,"Longitude":114602120,"Heading":1000,"Course":30080,"Speed":1595,"Lasttime":1511181422}
20:37:04.549  4 Y - latNew：30555327,lonNew114598548,own:{"Id":{"Timestamp":0,"Machine":0,"Pid":0,"Increment":0,"CreationTime":"\/Date(0)\/"},"ShipId":413831556,"Latitude":30560820,"Longitude":114602120,"Heading":1000,"Course":30080,"Speed":1595,"Lasttime":1511181424}
20:37:06.576  4 Y - latNew：30555183,lonNew114598456,own:{"Id":{"Timestamp":0,"Machine":0,"Pid":0,"Increment":0,"CreationTime":"\/Date(0)\/"},"ShipId":413831556,"Latitude":30560820,"Longitude":114602120,"Heading":1000,"Course":30080,"Speed":1595,"Lasttime":1511181426}
20:37:08.541  4 Y - latNew：30555038,lonNew114598364,own:{"Id":{"Timestamp":0,"Machine":0,"Pid":0,"Increment":0,"CreationTime":"\/Date(0)\/"},"ShipId":413831556,"Latitude":30560820,"Longitude":114602120,"Heading":1000,"Course":30080,"Speed":1595,"Lasttime":1511181428}
20:37:10.523  4 Y - latNew：30554894,lonNew114598272,own:{"Id":{"Timestamp":0,"Machine":0,"Pid":0,"Increment":0,"CreationTime":"\/Date(0)\/"},"ShipId":413831556,"Latitude":30560820,"Longitude":114602120,"Heading":1000,"Course":30080,"Speed":1595,"Lasttime":1511181430}
20:37:12.514  4 Y - latNew：30554749,lonNew114598180,own:{"Id":{"Timestamp":0,"Machine":0,"Pid":0,"Increment":0,"CreationTime":"\/Date(0)\/"},"ShipId":413831556,"Latitude":30560820,"Longitude":114602120,"Heading":1000,"Course":30080,"Speed":1595,"Lasttime":1511181432}
20:37:14.816  4 Y - latNew：30554605,lonNew114598088,own:{"Id":{"Timestamp":0,"Machine":0,"Pid":0,"Increment":0,"CreationTime":"\/Date(0)\/"},"ShipId":413831556,"Latitude":30560820,"Longitude":114602120,"Heading":1000,"Course":30080,"Speed":1595,"Lasttime":1511181434}
20:37:16.544  4 Y - latNew：30554460,lonNew114597995,own:{"Id":{"Timestamp":0,"Machine":0,"Pid":0,"Increment":0,"CreationTime":"\/Date(0)\/"},"ShipId":413831556,"Latitude":30560820,"Longitude":114602120,"Heading":1000,"Course":30080,"Speed":1595,"Lasttime":1511181436}
20:37:18.537  4 Y - latNew：30554316,lonNew114597902,own:{"Id":{"Timestamp":0,"Machine":0,"Pid":0,"Increment":0,"CreationTime":"\/Date(0)\/"},"ShipId":413831556,"Latitude":30560820,"Longitude":114602120,"Heading":1000,"Course":30080,"Speed":1595,"Lasttime":1511181438}
20:37:20.544  4 Y - latNew：30554171,lonNew114597809,own:{"Id":{"Timestamp":0,"Machine":0,"Pid":0,"Increment":0,"CreationTime":"\/Date(0)\/"},"ShipId":413831556,"Latitude":30560820,"Longitude":114602120,"Heading":1000,"Course":30080,"Speed":1595,"Lasttime":1511181440}
20:37:22.703  4 Y - latNew：30554027,lonNew114597715,own:{"Id":{"Timestamp":0,"Machine":0,"Pid":0,"Increment":0,"CreationTime":"\/Date(0)\/"},"ShipId":413831556,"Latitude":30560820,"Longitude":114602120,"Heading":1000,"Course":30080,"Speed":1595,"Lasttime":1511181442}
20:37:24.552  4 Y - latNew：30553882,lonNew114597622,own:{"Id":{"Timestamp":0,"Machine":0,"Pid":0,"Increment":0,"CreationTime":"\/Date(0)\/"},"ShipId":413831556,"Latitude":30560820,"Longitude":114602120,"Heading":1000,"Course":30080,"Speed":1595,"Lasttime":1511181444}
20:37:26.531  4 Y - latNew：30553738,lonNew114597527,own:{"Id":{"Timestamp":0,"Machine":0,"Pid":0,"Increment":0,"CreationTime":"\/Date(0)\/"},"ShipId":413831556,"Latitude":30560820,"Longitude":114602120,"Heading":1000,"Course":30080,"Speed":1595,"Lasttime":1511181446}
20:37:28.535  4 Y - latNew：30553593,lonNew114597433,own:{"Id":{"Timestamp":0,"Machine":0,"Pid":0,"Increment":0,"CreationTime":"\/Date(0)\/"},"ShipId":413831556,"Latitude":30560820,"Longitude":114602120,"Heading":1000,"Course":30080,"Speed":1595,"Lasttime":1511181448}
20:37:30.547  4 Y - latNew：30553449,lonNew114597338,own:{"Id":{"Timestamp":0,"Machine":0,"Pid":0,"Increment":0,"CreationTime":"\/Date(0)\/"},"ShipId":413831556,"Latitude":30560820,"Longitude":114602120,"Heading":1000,"Course":30080,"Speed":1595,"Lasttime":1511181450}
