#Software: GetSingleShipInfo
#ProcessID: 31188 x64
#AppDomain: GetSingleShipInfo.exe
#FileName: D:\Code\Fuya\GetSingleShipInfo\bin\Debug\GetSingleShipInfo.exe
#BaseDirectory: D:\Code\Fuya\GetSingleShipInfo\bin\Debug\
#ApplicationType: WinForm
#CLR: 4.0.30319.42000
#OS: Windows 8 x64, afei/AFEI
#CPU: Intel(R) Core(TM) i7-6820HQ CPU @ 2.70GHz 2.71GHz 
#Memory: 7,220M/15,834M
#Date: 2017-11-20
#字段: 时间 线程ID 线程池Y网页W普通N 线程名 消息内容
#Fields: Time ThreadID IsPoolThread ThreadName Message
20:38:09.386  4 Y - DotNet.Utilities.Common v1.0.0.0       Build 2000-01-01
20:38:09.650  4 Y - GetSingleShipInfo v1.0.0.0       Build 2000-01-01
20:38:09.650  4 Y - new:{"Id":{"Timestamp":0,"Machine":0,"Pid":0,"Increment":0,"CreationTime":"\/Date(0)\/"},"ShipId":413831556,"Latitude":30561040,"Longitude":114600147,"Heading":1000,"Course":25880,"Speed":1698,"Lasttime":1511181468}
20:38:10.917  4 Y - latNew：30560870,lonNew114600027,own:{"Id":{"Timestamp":0,"Machine":0,"Pid":0,"Increment":0,"CreationTime":"\/Date(0)\/"},"ShipId":413831556,"Latitude":30561040,"Longitude":114600147,"Heading":1000,"Course":25880,"Speed":1698,"Lasttime":1511181490}
20:38:12.872  4 Y - latNew：30560855,lonNew114600016,own:{"Id":{"Timestamp":0,"Machine":0,"Pid":0,"Increment":0,"CreationTime":"\/Date(0)\/"},"ShipId":413831556,"Latitude":30561040,"Longitude":114600147,"Heading":1000,"Course":25880,"Speed":1698,"Lasttime":1511181492}
20:38:14.894  4 Y - latNew：30560839,lonNew114600006,own:{"Id":{"Timestamp":0,"Machine":0,"Pid":0,"Increment":0,"CreationTime":"\/Date(0)\/"},"ShipId":413831556,"Latitude":30561040,"Longitude":114600147,"Heading":1000,"Course":25880,"Speed":1698,"Lasttime":1511181494}
20:38:17.164  4 Y - latNew：30560816,lonNew114599989,own:{"Id":{"Timestamp":0,"Machine":0,"Pid":0,"Increment":0,"CreationTime":"\/Date(0)\/"},"ShipId":413831556,"Latitude":30561040,"Longitude":114600147,"Heading":1000,"Course":25880,"Speed":1698,"Lasttime":1511181497}
20:38:18.888  4 Y - latNew：30560809,lonNew114599984,own:{"Id":{"Timestamp":0,"Machine":0,"Pid":0,"Increment":0,"CreationTime":"\/Date(0)\/"},"ShipId":413831556,"Latitude":30561040,"Longitude":114600147,"Heading":1000,"Course":25880,"Speed":1698,"Lasttime":1511181498}
20:38:20.960  4 Y - latNew：30560793,lonNew114599973,own:{"Id":{"Timestamp":0,"Machine":0,"Pid":0,"Increment":0,"CreationTime":"\/Date(0)\/"},"ShipId":413831556,"Latitude":30561040,"Longitude":114600147,"Heading":1000,"Course":25880,"Speed":1698,"Lasttime":1511181500}
20:38:22.919  4 Y - latNew：30560778,lonNew114599962,own:{"Id":{"Timestamp":0,"Machine":0,"Pid":0,"Increment":0,"CreationTime":"\/Date(0)\/"},"ShipId":413831556,"Latitude":30561040,"Longitude":114600147,"Heading":1000,"Course":25880,"Speed":1698,"Lasttime":1511181502}
20:38:24.933  6 Y - latNew：30560763,lonNew114599952,own:{"Id":{"Timestamp":0,"Machine":0,"Pid":0,"Increment":0,"CreationTime":"\/Date(0)\/"},"ShipId":413831556,"Latitude":30561040,"Longitude":114600147,"Heading":1000,"Course":25880,"Speed":1698,"Lasttime":1511181504}
20:38:26.920  6 Y - latNew：30560747,lonNew114599941,own:{"Id":{"Timestamp":0,"Machine":0,"Pid":0,"Increment":0,"CreationTime":"\/Date(0)\/"},"ShipId":413831556,"Latitude":30561040,"Longitude":114600147,"Heading":1000,"Course":25880,"Speed":1698,"Lasttime":1511181506}
20:38:28.935  4 Y - latNew：30560732,lonNew114599930,own:{"Id":{"Timestamp":0,"Machine":0,"Pid":0,"Increment":0,"CreationTime":"\/Date(0)\/"},"ShipId":413831556,"Latitude":30561040,"Longitude":114600147,"Heading":1000,"Course":25880,"Speed":1698,"Lasttime":1511181508}
20:38:30.933  4 Y - latNew：30560716,lonNew114599919,own:{"Id":{"Timestamp":0,"Machine":0,"Pid":0,"Increment":0,"CreationTime":"\/Date(0)\/"},"ShipId":413831556,"Latitude":30561040,"Longitude":114600147,"Heading":1000,"Course":25880,"Speed":1698,"Lasttime":1511181510}
20:38:32.872  4 Y - latNew：30560701,lonNew114599909,own:{"Id":{"Timestamp":0,"Machine":0,"Pid":0,"Increment":0,"CreationTime":"\/Date(0)\/"},"ShipId":413831556,"Latitude":30561040,"Longitude":114600147,"Heading":1000,"Course":25880,"Speed":1698,"Lasttime":1511181512}
20:38:34.888  4 Y - latNew：30560686,lonNew114599898,own:{"Id":{"Timestamp":0,"Machine":0,"Pid":0,"Increment":0,"CreationTime":"\/Date(0)\/"},"ShipId":413831556,"Latitude":30561040,"Longitude":114600147,"Heading":1000,"Course":25880,"Speed":1698,"Lasttime":1511181514}
20:38:36.896  4 Y - latNew：30560670,lonNew114599887,own:{"Id":{"Timestamp":0,"Machine":0,"Pid":0,"Increment":0,"CreationTime":"\/Date(0)\/"},"ShipId":413831556,"Latitude":30561040,"Longitude":114600147,"Heading":1000,"Course":25880,"Speed":1698,"Lasttime":1511181516}
20:38:38.980  4 Y - latNew：30560655,lonNew114599877,own:{"Id":{"Timestamp":0,"Machine":0,"Pid":0,"Increment":0,"CreationTime":"\/Date(0)\/"},"ShipId":413831556,"Latitude":30561040,"Longitude":114600147,"Heading":1000,"Course":25880,"Speed":1698,"Lasttime":1511181518}
20:38:40.947  4 Y - latNew：30560639,lonNew114599866,own:{"Id":{"Timestamp":0,"Machine":0,"Pid":0,"Increment":0,"CreationTime":"\/Date(0)\/"},"ShipId":413831556,"Latitude":30561040,"Longitude":114600147,"Heading":1000,"Course":25880,"Speed":1698,"Lasttime":1511181520}
20:38:42.954  4 Y - latNew：30560624,lonNew114599855,own:{"Id":{"Timestamp":0,"Machine":0,"Pid":0,"Increment":0,"CreationTime":"\/Date(0)\/"},"ShipId":413831556,"Latitude":30561040,"Longitude":114600147,"Heading":1000,"Course":25880,"Speed":1698,"Lasttime":1511181522}
20:38:45.074  4 Y - latNew：30560601,lonNew114599839,own:{"Id":{"Timestamp":0,"Machine":0,"Pid":0,"Increment":0,"CreationTime":"\/Date(0)\/"},"ShipId":413831556,"Latitude":30561040,"Longitude":114600147,"Heading":1000,"Course":25880,"Speed":1698,"Lasttime":1511181525}
20:38:46.930  4 Y - latNew：30560593,lonNew114599834,own:{"Id":{"Timestamp":0,"Machine":0,"Pid":0,"Increment":0,"CreationTime":"\/Date(0)\/"},"ShipId":413831556,"Latitude":30561040,"Longitude":114600147,"Heading":1000,"Course":25880,"Speed":1698,"Lasttime":1511181526}
20:38:48.927  4 Y - latNew：30560578,lonNew114599823,own:{"Id":{"Timestamp":0,"Machine":0,"Pid":0,"Increment":0,"CreationTime":"\/Date(0)\/"},"ShipId":413831556,"Latitude":30561040,"Longitude":114600147,"Heading":1000,"Course":25880,"Speed":1698,"Lasttime":1511181528}
20:38:50.996  4 Y - latNew：30560563,lonNew114599813,own:{"Id":{"Timestamp":0,"Machine":0,"Pid":0,"Increment":0,"CreationTime":"\/Date(0)\/"},"ShipId":413831556,"Latitude":30561040,"Longitude":114600147,"Heading":1000,"Course":25880,"Speed":1698,"Lasttime":1511181530}
20:38:52.933  4 Y - latNew：30560547,lonNew114599802,own:{"Id":{"Timestamp":0,"Machine":0,"Pid":0,"Increment":0,"CreationTime":"\/Date(0)\/"},"ShipId":413831556,"Latitude":30561040,"Longitude":114600147,"Heading":1000,"Course":25880,"Speed":1698,"Lasttime":1511181532}
20:38:54.950  4 Y - latNew：30560532,lonNew114599791,own:{"Id":{"Timestamp":0,"Machine":0,"Pid":0,"Increment":0,"CreationTime":"\/Date(0)\/"},"ShipId":413831556,"Latitude":30561040,"Longitude":114600147,"Heading":1000,"Course":25880,"Speed":1698,"Lasttime":1511181534}
20:38:56.927  4 Y - latNew：30560516,lonNew114599781,own:{"Id":{"Timestamp":0,"Machine":0,"Pid":0,"Increment":0,"CreationTime":"\/Date(0)\/"},"ShipId":413831556,"Latitude":30561040,"Longitude":114600147,"Heading":1000,"Course":25880,"Speed":1698,"Lasttime":1511181536}
20:38:58.944  4 Y - latNew：30560501,lonNew114599770,own:{"Id":{"Timestamp":0,"Machine":0,"Pid":0,"Increment":0,"CreationTime":"\/Date(0)\/"},"ShipId":413831556,"Latitude":30561040,"Longitude":114600147,"Heading":1000,"Course":25880,"Speed":1698,"Lasttime":1511181538}
20:39:00.939  4 Y - latNew：30560486,lonNew114599759,own:{"Id":{"Timestamp":0,"Machine":0,"Pid":0,"Increment":0,"CreationTime":"\/Date(0)\/"},"ShipId":413831556,"Latitude":30561040,"Longitude":114600147,"Heading":1000,"Course":25880,"Speed":1698,"Lasttime":1511181540}
20:39:03.053  4 Y - latNew：30560463,lonNew114599744,own:{"Id":{"Timestamp":0,"Machine":0,"Pid":0,"Increment":0,"CreationTime":"\/Date(0)\/"},"ShipId":413831556,"Latitude":30561040,"Longitude":114600147,"Heading":1000,"Course":25880,"Speed":1698,"Lasttime":1511181543}
20:39:05.576  4 Y - latNew：30560447,lonNew114599733,own:{"Id":{"Timestamp":0,"Machine":0,"Pid":0,"Increment":0,"CreationTime":"\/Date(0)\/"},"ShipId":413831556,"Latitude":30561040,"Longitude":114600147,"Heading":1000,"Course":25880,"Speed":1698,"Lasttime":1511181545}
20:39:07.152  4 Y - latNew：30560432,lonNew114599722,own:{"Id":{"Timestamp":0,"Machine":0,"Pid":0,"Increment":0,"CreationTime":"\/Date(0)\/"},"ShipId":413831556,"Latitude":30561040,"Longitude":114600147,"Heading":1000,"Course":25880,"Speed":1698,"Lasttime":1511181547}
20:39:09.000  4 Y - latNew：30560416,lonNew114599712,own:{"Id":{"Timestamp":0,"Machine":0,"Pid":0,"Increment":0,"CreationTime":"\/Date(0)\/"},"ShipId":413831556,"Latitude":30561040,"Longitude":114600147,"Heading":1000,"Course":25880,"Speed":1698,"Lasttime":1511181549}
20:39:11.010  4 Y - latNew：30560401,lonNew114599701,own:{"Id":{"Timestamp":0,"Machine":0,"Pid":0,"Increment":0,"CreationTime":"\/Date(0)\/"},"ShipId":413831556,"Latitude":30561040,"Longitude":114600147,"Heading":1000,"Course":25880,"Speed":1698,"Lasttime":1511181551}
20:39:13.054  4 Y - latNew：30560386,lonNew114599691,own:{"Id":{"Timestamp":0,"Machine":0,"Pid":0,"Increment":0,"CreationTime":"\/Date(0)\/"},"ShipId":413831556,"Latitude":30561040,"Longitude":114600147,"Heading":1000,"Course":25880,"Speed":1698,"Lasttime":1511181553}
20:39:14.948  4 Y - latNew：30560378,lonNew114599685,own:{"Id":{"Timestamp":0,"Machine":0,"Pid":0,"Increment":0,"CreationTime":"\/Date(0)\/"},"ShipId":413831556,"Latitude":30561040,"Longitude":114600147,"Heading":1000,"Course":25880,"Speed":1698,"Lasttime":1511181554}
20:39:16.972  4 Y - latNew：30560363,lonNew114599675,own:{"Id":{"Timestamp":0,"Machine":0,"Pid":0,"Increment":0,"CreationTime":"\/Date(0)\/"},"ShipId":413831556,"Latitude":30561040,"Longitude":114600147,"Heading":1000,"Course":25880,"Speed":1698,"Lasttime":1511181556}
20:39:19.009  4 Y - latNew：30560339,lonNew114599659,own:{"Id":{"Timestamp":0,"Machine":0,"Pid":0,"Increment":0,"CreationTime":"\/Date(0)\/"},"ShipId":413831556,"Latitude":30561040,"Longitude":114600147,"Heading":1000,"Course":25880,"Speed":1698,"Lasttime":1511181559}
20:39:21.038  4 Y - latNew：30560324,lonNew114599649,own:{"Id":{"Timestamp":0,"Machine":0,"Pid":0,"Increment":0,"CreationTime":"\/Date(0)\/"},"ShipId":413831556,"Latitude":30561040,"Longitude":114600147,"Heading":1000,"Course":25880,"Speed":1698,"Lasttime":1511181561}
20:39:23.074  4 Y - latNew：30560309,lonNew114599638,own:{"Id":{"Timestamp":0,"Machine":0,"Pid":0,"Increment":0,"CreationTime":"\/Date(0)\/"},"ShipId":413831556,"Latitude":30561040,"Longitude":114600147,"Heading":1000,"Course":25880,"Speed":1698,"Lasttime":1511181563}
20:39:24.967  6 Y - latNew：30560301,lonNew114599633,own:{"Id":{"Timestamp":0,"Machine":0,"Pid":0,"Increment":0,"CreationTime":"\/Date(0)\/"},"ShipId":413831556,"Latitude":30561040,"Longitude":114600147,"Heading":1000,"Course":25880,"Speed":1698,"Lasttime":1511181564}
20:39:27.246  6 Y - latNew：30560278,lonNew114599617,own:{"Id":{"Timestamp":0,"Machine":0,"Pid":0,"Increment":0,"CreationTime":"\/Date(0)\/"},"ShipId":413831556,"Latitude":30561040,"Longitude":114600147,"Heading":1000,"Course":25880,"Speed":1698,"Lasttime":1511181567}
20:39:28.981  4 Y - latNew：30560270,lonNew114599612,own:{"Id":{"Timestamp":0,"Machine":0,"Pid":0,"Increment":0,"CreationTime":"\/Date(0)\/"},"ShipId":413831556,"Latitude":30561040,"Longitude":114600147,"Heading":1000,"Course":25880,"Speed":1698,"Lasttime":1511181568}
20:39:30.985  4 Y - latNew：30560255,lonNew114599601,own:{"Id":{"Timestamp":0,"Machine":0,"Pid":0,"Increment":0,"CreationTime":"\/Date(0)\/"},"ShipId":413831556,"Latitude":30561040,"Longitude":114600147,"Heading":1000,"Course":25880,"Speed":1698,"Lasttime":1511181570}
20:39:32.966  4 Y - latNew：30560239,lonNew114599591,own:{"Id":{"Timestamp":0,"Machine":0,"Pid":0,"Increment":0,"CreationTime":"\/Date(0)\/"},"ShipId":413831556,"Latitude":30561040,"Longitude":114600147,"Heading":1000,"Course":25880,"Speed":1698,"Lasttime":1511181572}
20:39:34.972  4 Y - latNew：30560224,lonNew114599580,own:{"Id":{"Timestamp":0,"Machine":0,"Pid":0,"Increment":0,"CreationTime":"\/Date(0)\/"},"ShipId":413831556,"Latitude":30561040,"Longitude":114600147,"Heading":1000,"Course":25880,"Speed":1698,"Lasttime":1511181574}
20:39:36.972  4 Y - latNew：30560209,lonNew114599570,own:{"Id":{"Timestamp":0,"Machine":0,"Pid":0,"Increment":0,"CreationTime":"\/Date(0)\/"},"ShipId":413831556,"Latitude":30561040,"Longitude":114600147,"Heading":1000,"Course":25880,"Speed":1698,"Lasttime":1511181576}
20:39:39.005  4 Y - latNew：30560186,lonNew114599554,own:{"Id":{"Timestamp":0,"Machine":0,"Pid":0,"Increment":0,"CreationTime":"\/Date(0)\/"},"ShipId":413831556,"Latitude":30561040,"Longitude":114600147,"Heading":1000,"Course":25880,"Speed":1698,"Lasttime":1511181579}
20:39:40.989  4 Y - latNew：30560178,lonNew114599549,own:{"Id":{"Timestamp":0,"Machine":0,"Pid":0,"Increment":0,"CreationTime":"\/Date(0)\/"},"ShipId":413831556,"Latitude":30561040,"Longitude":114600147,"Heading":1000,"Course":25880,"Speed":1698,"Lasttime":1511181580}
20:39:43.082  4 Y - latNew：30560155,lonNew114599533,own:{"Id":{"Timestamp":0,"Machine":0,"Pid":0,"Increment":0,"CreationTime":"\/Date(0)\/"},"ShipId":413831556,"Latitude":30561040,"Longitude":114600147,"Heading":1000,"Course":25880,"Speed":1698,"Lasttime":1511181583}
20:39:44.996  4 Y - latNew：30560147,lonNew114599528,own:{"Id":{"Timestamp":0,"Machine":0,"Pid":0,"Increment":0,"CreationTime":"\/Date(0)\/"},"ShipId":413831556,"Latitude":30561040,"Longitude":114600147,"Heading":1000,"Course":25880,"Speed":1698,"Lasttime":1511181584}
20:39:47.066  4 Y - latNew：30560124,lonNew114599512,own:{"Id":{"Timestamp":0,"Machine":0,"Pid":0,"Increment":0,"CreationTime":"\/Date(0)\/"},"ShipId":413831556,"Latitude":30561040,"Longitude":114600147,"Heading":1000,"Course":25880,"Speed":1698,"Lasttime":1511181587}
20:39:49.044  4 Y - latNew：30560109,lonNew114599502,own:{"Id":{"Timestamp":0,"Machine":0,"Pid":0,"Increment":0,"CreationTime":"\/Date(0)\/"},"ShipId":413831556,"Latitude":30561040,"Longitude":114600147,"Heading":1000,"Course":25880,"Speed":1698,"Lasttime":1511181589}
20:39:51.010  4 Y - latNew：30560093,lonNew114599491,own:{"Id":{"Timestamp":0,"Machine":0,"Pid":0,"Increment":0,"CreationTime":"\/Date(0)\/"},"ShipId":413831556,"Latitude":30561040,"Longitude":114600147,"Heading":1000,"Course":25880,"Speed":1698,"Lasttime":1511181591}
20:39:53.038  4 Y - latNew：30560078,lonNew114599481,own:{"Id":{"Timestamp":0,"Machine":0,"Pid":0,"Increment":0,"CreationTime":"\/Date(0)\/"},"ShipId":413831556,"Latitude":30561040,"Longitude":114600147,"Heading":1000,"Course":25880,"Speed":1698,"Lasttime":1511181593}
20:39:55.069  4 Y - latNew：30560062,lonNew114599471,own:{"Id":{"Timestamp":0,"Machine":0,"Pid":0,"Increment":0,"CreationTime":"\/Date(0)\/"},"ShipId":413831556,"Latitude":30561040,"Longitude":114600147,"Heading":1000,"Course":25880,"Speed":1698,"Lasttime":1511181595}
20:39:57.030  4 Y - latNew：30560047,lonNew114599460,own:{"Id":{"Timestamp":0,"Machine":0,"Pid":0,"Increment":0,"CreationTime":"\/Date(0)\/"},"ShipId":413831556,"Latitude":30561040,"Longitude":114600147,"Heading":1000,"Course":25880,"Speed":1698,"Lasttime":1511181597}
20:39:59.936  4 Y - latNew：30560032,lonNew114599450,own:{"Id":{"Timestamp":0,"Machine":0,"Pid":0,"Increment":0,"CreationTime":"\/Date(0)\/"},"ShipId":413831556,"Latitude":30561040,"Longitude":114600147,"Heading":1000,"Course":25880,"Speed":1698,"Lasttime":1511181599}
20:40:01.233 10 Y - new:{"Id":{"Timestamp":0,"Machine":0,"Pid":0,"Increment":0,"CreationTime":"\/Date(0)\/"},"ShipId":413831556,"Latitude":30560773,"Longitude":114598027,"Heading":1000,"Course":26260,"Speed":1749,"Lasttime":1511181585}
20:40:03.044  4 Y - latNew：30560630,lonNew114597926,own:{"Id":{"Timestamp":0,"Machine":0,"Pid":0,"Increment":0,"CreationTime":"\/Date(0)\/"},"ShipId":413831556,"Latitude":30560773,"Longitude":114598027,"Heading":1000,"Course":26260,"Speed":1749,"Lasttime":1511181603}
20:40:05.120  4 Y - latNew：30560614,lonNew114597915,own:{"Id":{"Timestamp":0,"Machine":0,"Pid":0,"Increment":0,"CreationTime":"\/Date(0)\/"},"ShipId":413831556,"Latitude":30560773,"Longitude":114598027,"Heading":1000,"Course":26260,"Speed":1749,"Lasttime":1511181605}
20:40:07.642  4 Y - latNew：30560598,lonNew114597904,own:{"Id":{"Timestamp":0,"Machine":0,"Pid":0,"Increment":0,"CreationTime":"\/Date(0)\/"},"ShipId":413831556,"Latitude":30560773,"Longitude":114598027,"Heading":1000,"Course":26260,"Speed":1749,"Lasttime":1511181607}
20:40:09.059  4 Y - latNew：30560582,lonNew114597893,own:{"Id":{"Timestamp":0,"Machine":0,"Pid":0,"Increment":0,"CreationTime":"\/Date(0)\/"},"ShipId":413831556,"Latitude":30560773,"Longitude":114598027,"Heading":1000,"Course":26260,"Speed":1749,"Lasttime":1511181609}
20:40:11.126  4 Y - latNew：30560566,lonNew114597882,own:{"Id":{"Timestamp":0,"Machine":0,"Pid":0,"Increment":0,"CreationTime":"\/Date(0)\/"},"ShipId":413831556,"Latitude":30560773,"Longitude":114598027,"Heading":1000,"Course":26260,"Speed":1749,"Lasttime":1511181611}
20:40:13.155  4 Y - latNew：30560551,lonNew114597871,own:{"Id":{"Timestamp":0,"Machine":0,"Pid":0,"Increment":0,"CreationTime":"\/Date(0)\/"},"ShipId":413831556,"Latitude":30560773,"Longitude":114598027,"Heading":1000,"Course":26260,"Speed":1749,"Lasttime":1511181613}
20:40:15.111  4 Y - latNew：30560535,lonNew114597860,own:{"Id":{"Timestamp":0,"Machine":0,"Pid":0,"Increment":0,"CreationTime":"\/Date(0)\/"},"ShipId":413831556,"Latitude":30560773,"Longitude":114598027,"Heading":1000,"Course":26260,"Speed":1749,"Lasttime":1511181615}
20:40:17.101  4 Y - latNew：30560519,lonNew114597849,own:{"Id":{"Timestamp":0,"Machine":0,"Pid":0,"Increment":0,"CreationTime":"\/Date(0)\/"},"ShipId":413831556,"Latitude":30560773,"Longitude":114598027,"Heading":1000,"Course":26260,"Speed":1749,"Lasttime":1511181617}
20:40:19.140  4 Y - latNew：30560503,lonNew114597838,own:{"Id":{"Timestamp":0,"Machine":0,"Pid":0,"Increment":0,"CreationTime":"\/Date(0)\/"},"ShipId":413831556,"Latitude":30560773,"Longitude":114598027,"Heading":1000,"Course":26260,"Speed":1749,"Lasttime":1511181619}
20:40:21.077  4 Y - latNew：30560487,lonNew114597827,own:{"Id":{"Timestamp":0,"Machine":0,"Pid":0,"Increment":0,"CreationTime":"\/Date(0)\/"},"ShipId":413831556,"Latitude":30560773,"Longitude":114598027,"Heading":1000,"Course":26260,"Speed":1749,"Lasttime":1511181621}
20:40:23.110  4 Y - latNew：30560471,lonNew114597815,own:{"Id":{"Timestamp":0,"Machine":0,"Pid":0,"Increment":0,"CreationTime":"\/Date(0)\/"},"ShipId":413831556,"Latitude":30560773,"Longitude":114598027,"Heading":1000,"Course":26260,"Speed":1749,"Lasttime":1511181623}
20:40:25.404  4 Y - latNew：30560456,lonNew114597804,own:{"Id":{"Timestamp":0,"Machine":0,"Pid":0,"Increment":0,"CreationTime":"\/Date(0)\/"},"ShipId":413831556,"Latitude":30560773,"Longitude":114598027,"Heading":1000,"Course":26260,"Speed":1749,"Lasttime":1511181625}
20:40:27.086  4 Y - latNew：30560440,lonNew114597793,own:{"Id":{"Timestamp":0,"Machine":0,"Pid":0,"Increment":0,"CreationTime":"\/Date(0)\/"},"ShipId":413831556,"Latitude":30560773,"Longitude":114598027,"Heading":1000,"Course":26260,"Speed":1749,"Lasttime":1511181627}
20:40:29.122  4 Y - latNew：30560424,lonNew114597782,own:{"Id":{"Timestamp":0,"Machine":0,"Pid":0,"Increment":0,"CreationTime":"\/Date(0)\/"},"ShipId":413831556,"Latitude":30560773,"Longitude":114598027,"Heading":1000,"Course":26260,"Speed":1749,"Lasttime":1511181629}
20:40:31.219  4 Y - latNew：30560408,lonNew114597771,own:{"Id":{"Timestamp":0,"Machine":0,"Pid":0,"Increment":0,"CreationTime":"\/Date(0)\/"},"ShipId":413831556,"Latitude":30560773,"Longitude":114598027,"Heading":1000,"Course":26260,"Speed":1749,"Lasttime":1511181631}
20:40:33.127  4 Y - latNew：30560392,lonNew114597760,own:{"Id":{"Timestamp":0,"Machine":0,"Pid":0,"Increment":0,"CreationTime":"\/Date(0)\/"},"ShipId":413831556,"Latitude":30560773,"Longitude":114598027,"Heading":1000,"Course":26260,"Speed":1749,"Lasttime":1511181633}
20:40:35.091  4 Y - latNew：30560376,lonNew114597749,own:{"Id":{"Timestamp":0,"Machine":0,"Pid":0,"Increment":0,"CreationTime":"\/Date(0)\/"},"ShipId":413831556,"Latitude":30560773,"Longitude":114598027,"Heading":1000,"Course":26260,"Speed":1749,"Lasttime":1511181635}
20:40:37.178  4 Y - latNew：30560360,lonNew114597739,own:{"Id":{"Timestamp":0,"Machine":0,"Pid":0,"Increment":0,"CreationTime":"\/Date(0)\/"},"ShipId":413831556,"Latitude":30560773,"Longitude":114598027,"Heading":1000,"Course":26260,"Speed":1749,"Lasttime":1511181637}
20:40:39.106  4 Y - latNew：30560345,lonNew114597728,own:{"Id":{"Timestamp":0,"Machine":0,"Pid":0,"Increment":0,"CreationTime":"\/Date(0)\/"},"ShipId":413831556,"Latitude":30560773,"Longitude":114598027,"Heading":1000,"Course":26260,"Speed":1749,"Lasttime":1511181639}
20:40:41.139  4 Y - latNew：30560329,lonNew114597717,own:{"Id":{"Timestamp":0,"Machine":0,"Pid":0,"Increment":0,"CreationTime":"\/Date(0)\/"},"ShipId":413831556,"Latitude":30560773,"Longitude":114598027,"Heading":1000,"Course":26260,"Speed":1749,"Lasttime":1511181641}
20:40:43.153  4 Y - latNew：30560313,lonNew114597706,own:{"Id":{"Timestamp":0,"Machine":0,"Pid":0,"Increment":0,"CreationTime":"\/Date(0)\/"},"ShipId":413831556,"Latitude":30560773,"Longitude":114598027,"Heading":1000,"Course":26260,"Speed":1749,"Lasttime":1511181643}
20:40:45.142  4 Y - latNew：30560297,lonNew114597695,own:{"Id":{"Timestamp":0,"Machine":0,"Pid":0,"Increment":0,"CreationTime":"\/Date(0)\/"},"ShipId":413831556,"Latitude":30560773,"Longitude":114598027,"Heading":1000,"Course":26260,"Speed":1749,"Lasttime":1511181645}
20:40:47.114  4 Y - latNew：30560281,lonNew114597684,own:{"Id":{"Timestamp":0,"Machine":0,"Pid":0,"Increment":0,"CreationTime":"\/Date(0)\/"},"ShipId":413831556,"Latitude":30560773,"Longitude":114598027,"Heading":1000,"Course":26260,"Speed":1749,"Lasttime":1511181647}
20:40:49.122  4 Y - latNew：30560265,lonNew114597673,own:{"Id":{"Timestamp":0,"Machine":0,"Pid":0,"Increment":0,"CreationTime":"\/Date(0)\/"},"ShipId":413831556,"Latitude":30560773,"Longitude":114598027,"Heading":1000,"Course":26260,"Speed":1749,"Lasttime":1511181649}
20:40:51.125  4 Y - latNew：30560250,lonNew114597662,own:{"Id":{"Timestamp":0,"Machine":0,"Pid":0,"Increment":0,"CreationTime":"\/Date(0)\/"},"ShipId":413831556,"Latitude":30560773,"Longitude":114598027,"Heading":1000,"Course":26260,"Speed":1749,"Lasttime":1511181651}
20:40:53.154  4 Y - latNew：30560234,lonNew114597651,own:{"Id":{"Timestamp":0,"Machine":0,"Pid":0,"Increment":0,"CreationTime":"\/Date(0)\/"},"ShipId":413831556,"Latitude":30560773,"Longitude":114598027,"Heading":1000,"Course":26260,"Speed":1749,"Lasttime":1511181653}
20:40:55.184 11 Y - latNew：30560218,lonNew114597640,own:{"Id":{"Timestamp":0,"Machine":0,"Pid":0,"Increment":0,"CreationTime":"\/Date(0)\/"},"ShipId":413831556,"Latitude":30560773,"Longitude":114598027,"Heading":1000,"Course":26260,"Speed":1749,"Lasttime":1511181655}
20:40:57.139  4 Y - latNew：30560202,lonNew114597629,own:{"Id":{"Timestamp":0,"Machine":0,"Pid":0,"Increment":0,"CreationTime":"\/Date(0)\/"},"ShipId":413831556,"Latitude":30560773,"Longitude":114598027,"Heading":1000,"Course":26260,"Speed":1749,"Lasttime":1511181657}
20:40:59.133  4 Y - latNew：30560186,lonNew114597618,own:{"Id":{"Timestamp":0,"Machine":0,"Pid":0,"Increment":0,"CreationTime":"\/Date(0)\/"},"ShipId":413831556,"Latitude":30560773,"Longitude":114598027,"Heading":1000,"Course":26260,"Speed":1749,"Lasttime":1511181659}
20:41:01.177  4 Y - latNew：30560170,lonNew114597608,own:{"Id":{"Timestamp":0,"Machine":0,"Pid":0,"Increment":0,"CreationTime":"\/Date(0)\/"},"ShipId":413831556,"Latitude":30560773,"Longitude":114598027,"Heading":1000,"Course":26260,"Speed":1749,"Lasttime":1511181661}
20:41:03.674  4 Y - latNew：30560154,lonNew114597597,own:{"Id":{"Timestamp":0,"Machine":0,"Pid":0,"Increment":0,"CreationTime":"\/Date(0)\/"},"ShipId":413831556,"Latitude":30560773,"Longitude":114598027,"Heading":1000,"Course":26260,"Speed":1749,"Lasttime":1511181663}
20:41:05.225  4 Y - latNew：30560139,lonNew114597586,own:{"Id":{"Timestamp":0,"Machine":0,"Pid":0,"Increment":0,"CreationTime":"\/Date(0)\/"},"ShipId":413831556,"Latitude":30560773,"Longitude":114598027,"Heading":1000,"Course":26260,"Speed":1749,"Lasttime":1511181665}
20:41:07.155  4 Y - new:{"Id":{"Timestamp":0,"Machine":0,"Pid":0,"Increment":0,"CreationTime":"\/Date(0)\/"},"ShipId":413831556,"Latitude":30560677,"Longitude":114596853,"Heading":1000,"Course":26800,"Speed":1749,"Lasttime":1511181648}
20:41:09.593  4 Y - latNew：30560510,lonNew114596736,own:{"Id":{"Timestamp":0,"Machine":0,"Pid":0,"Increment":0,"CreationTime":"\/Date(0)\/"},"ShipId":413831556,"Latitude":30560677,"Longitude":114596853,"Heading":1000,"Course":26800,"Speed":1749,"Lasttime":1511181669}
20:41:11.200  4 Y - latNew：30560494,lonNew114596725,own:{"Id":{"Timestamp":0,"Machine":0,"Pid":0,"Increment":0,"CreationTime":"\/Date(0)\/"},"ShipId":413831556,"Latitude":30560677,"Longitude":114596853,"Heading":1000,"Course":26800,"Speed":1749,"Lasttime":1511181671}
20:41:13.745  4 Y - latNew：30560478,lonNew114596713,own:{"Id":{"Timestamp":0,"Machine":0,"Pid":0,"Increment":0,"CreationTime":"\/Date(0)\/"},"ShipId":413831556,"Latitude":30560677,"Longitude":114596853,"Heading":1000,"Course":26800,"Speed":1749,"Lasttime":1511181673}
20:41:15.174  4 Y - latNew：30560463,lonNew114596702,own:{"Id":{"Timestamp":0,"Machine":0,"Pid":0,"Increment":0,"CreationTime":"\/Date(0)\/"},"ShipId":413831556,"Latitude":30560677,"Longitude":114596853,"Heading":1000,"Course":26800,"Speed":1749,"Lasttime":1511181675}
20:41:17.242  4 Y - latNew：30560447,lonNew114596691,own:{"Id":{"Timestamp":0,"Machine":0,"Pid":0,"Increment":0,"CreationTime":"\/Date(0)\/"},"ShipId":413831556,"Latitude":30560677,"Longitude":114596853,"Heading":1000,"Course":26800,"Speed":1749,"Lasttime":1511181677}
20:41:19.188  4 Y - latNew：30560431,lonNew114596680,own:{"Id":{"Timestamp":0,"Machine":0,"Pid":0,"Increment":0,"CreationTime":"\/Date(0)\/"},"ShipId":413831556,"Latitude":30560677,"Longitude":114596853,"Heading":1000,"Course":26800,"Speed":1749,"Lasttime":1511181679}
20:41:21.209  4 Y - latNew：30560415,lonNew114596669,own:{"Id":{"Timestamp":0,"Machine":0,"Pid":0,"Increment":0,"CreationTime":"\/Date(0)\/"},"ShipId":413831556,"Latitude":30560677,"Longitude":114596853,"Heading":1000,"Course":26800,"Speed":1749,"Lasttime":1511181681}
20:41:23.220  4 Y - latNew：30560399,lonNew114596658,own:{"Id":{"Timestamp":0,"Machine":0,"Pid":0,"Increment":0,"CreationTime":"\/Date(0)\/"},"ShipId":413831556,"Latitude":30560677,"Longitude":114596853,"Heading":1000,"Course":26800,"Speed":1749,"Lasttime":1511181683}
20:41:25.181 11 Y - latNew：30560383,lonNew114596647,own:{"Id":{"Timestamp":0,"Machine":0,"Pid":0,"Increment":0,"CreationTime":"\/Date(0)\/"},"ShipId":413831556,"Latitude":30560677,"Longitude":114596853,"Heading":1000,"Course":26800,"Speed":1749,"Lasttime":1511181685}
20:41:27.263  4 Y - latNew：30560367,lonNew114596636,own:{"Id":{"Timestamp":0,"Machine":0,"Pid":0,"Increment":0,"CreationTime":"\/Date(0)\/"},"ShipId":413831556,"Latitude":30560677,"Longitude":114596853,"Heading":1000,"Course":26800,"Speed":1749,"Lasttime":1511181687}
20:41:29.232  4 Y - new:{"Id":{"Timestamp":0,"Machine":0,"Pid":0,"Increment":0,"CreationTime":"\/Date(0)\/"},"ShipId":413831556,"Latitude":30560667,"Longitude":114596347,"Heading":1000,"Course":26870,"Speed":1749,"Lasttime":1511181676}
20:41:31.226  4 Y - latNew：30560548,lonNew114596263,own:{"Id":{"Timestamp":0,"Machine":0,"Pid":0,"Increment":0,"CreationTime":"\/Date(0)\/"},"ShipId":413831556,"Latitude":30560667,"Longitude":114596347,"Heading":1000,"Course":26870,"Speed":1749,"Lasttime":1511181691}
20:41:33.175  4 Y - latNew：30560532,lonNew114596252,own:{"Id":{"Timestamp":0,"Machine":0,"Pid":0,"Increment":0,"CreationTime":"\/Date(0)\/"},"ShipId":413831556,"Latitude":30560667,"Longitude":114596347,"Heading":1000,"Course":26870,"Speed":1749,"Lasttime":1511181693}
20:41:35.183  4 Y - latNew：30560516,lonNew114596241,own:{"Id":{"Timestamp":0,"Machine":0,"Pid":0,"Increment":0,"CreationTime":"\/Date(0)\/"},"ShipId":413831556,"Latitude":30560667,"Longitude":114596347,"Heading":1000,"Course":26870,"Speed":1749,"Lasttime":1511181695}
